Change Physical Footprint: Designator=ALS1 Old Footprint=ONLAB_BH1750FVI-TR New Footprint=ONLAB_BH1750FVI-TR
Change Physical Footprint: Designator=B1 Old Footprint=FP_BTN_SMD New Footprint=FP_BTN_SMD
Change Physical Footprint: Designator=B2 Old Footprint=FP_BTN_SMD New Footprint=FP_BTN_SMD
Change Physical Footprint: Designator=C1 Old Footprint=FP_0805_CAP_085 New Footprint=FP_0805_CAP_085
Change Physical Footprint: Designator=C2 Old Footprint=FP_0805_CAP_085 New Footprint=FP_0805_CAP_085
Change Physical Footprint: Designator=C3 Old Footprint=FP_0805_CAP_085 New Footprint=FP_0805_CAP_085
Change Physical Footprint: Designator=C4 Old Footprint=FP_0805_CAP_085 New Footprint=FP_0805_CAP_085
Change Physical Footprint: Designator=CTB1 Old Footprint=ONLAB_SORK_2_RN3.50 New Footprint=ONLAB_SORK_2_RN3.50
Change Physical Footprint: Designator=D1 Old Footprint=FP_0805_LED_RED New Footprint=FP_0805_LED_RED
Change Physical Footprint: Designator=D2 Old Footprint=FP_0805_LED_RED New Footprint=FP_0805_LED_RED
Change Physical Footprint: Designator=D3 Old Footprint=ONLAB_SMA_DO-214AC New Footprint=ONLAB_SMA_DO-214AC
Change Physical Footprint: Designator=ESP32 Old Footprint=ONLAB_ESP32-DEVKITC-32D New Footprint=ONLAB_ESP32-DEVKITC-32D
Change Physical Footprint: Designator=K1 Old Footprint=ONLAB_RELAY_ALQ305 New Footprint=ONLAB_RELAY_ALQ305
Change Physical Footprint: Designator=Q1 Old Footprint=ONLAB_2N7002_SOT23127P600-8N New Footprint=ONLAB_2N7002_SOT23127P600-8N
Change Physical Footprint: Designator=R1 Old Footprint=FP_0805_RES New Footprint=FP_0805_RES
Change Physical Footprint: Designator=R2 Old Footprint=FP_0805_RES New Footprint=FP_0805_RES
Change Physical Footprint: Designator=R3 Old Footprint=FP_0805_RES New Footprint=FP_0805_RES
Change Physical Footprint: Designator=R4 Old Footprint=FP_0805_RES New Footprint=FP_0805_RES
Change Physical Footprint: Designator=R5 Old Footprint=FP_0805_RES New Footprint=FP_0805_RES
Change Physical Footprint: Designator=R6 Old Footprint=FP_0805_RES New Footprint=FP_0805_RES
Change Physical Footprint: Designator=R7 Old Footprint=FP_0805_RES New Footprint=FP_0805_RES
Change Physical Footprint: Designator=R8 Old Footprint=FP_0805_RES New Footprint=FP_0805_RES
Change Physical Footprint: Designator=R9 Old Footprint=FP_0805_RES New Footprint=FP_0805_RES
Change Physical Footprint: Designator=R10 Old Footprint=FP_0805_RES New Footprint=FP_0805_RES
Change Physical Footprint: Designator=R11 Old Footprint=FP_0603_RES New Footprint=FP_0603_RES
Change Physical Footprint: Designator=TM1 Old Footprint=ONLAB_DS18B20+ New Footprint=ONLAB_DS18B20+
