Replace Part B1 Button 4P in E:\Konyvtarak\Dokumentumok\_Egyetemi tárgyak\ÖnLab\Altium\OnLab_Vezerlo\Components.SchDoc with Button 4P from hallglib.SchLib
Replace Part B2 Button 4P in E:\Konyvtarak\Dokumentumok\_Egyetemi tárgyak\ÖnLab\Altium\OnLab_Vezerlo\Components.SchDoc with Button 4P from hallglib.SchLib
Replace Part B3 Button 4P in E:\Konyvtarak\Dokumentumok\_Egyetemi tárgyak\ÖnLab\Altium\OnLab_Vezerlo\Components.SchDoc with Button 4P from hallglib.SchLib
Replace Part B4 Button 4P in E:\Konyvtarak\Dokumentumok\_Egyetemi tárgyak\ÖnLab\Altium\OnLab_Vezerlo\Components.SchDoc with Button 4P from hallglib.SchLib
Replace Part B5 Button 4P in E:\Konyvtarak\Dokumentumok\_Egyetemi tárgyak\ÖnLab\Altium\OnLab_Vezerlo\Components.SchDoc with Button 4P from hallglib.SchLib
Replace Part BH1 Battery Holder in E:\Konyvtarak\Dokumentumok\_Egyetemi tárgyak\ÖnLab\Altium\OnLab_Vezerlo\Components.SchDoc with Battery Holder from hallglib.SchLib
Replace Part C2 CAP in E:\Konyvtarak\Dokumentumok\_Egyetemi tárgyak\ÖnLab\Altium\OnLab_Vezerlo\Components.SchDoc with CAP from hallglib.SchLib
Replace Part C3 CAP in E:\Konyvtarak\Dokumentumok\_Egyetemi tárgyak\ÖnLab\Altium\OnLab_Vezerlo\Components.SchDoc with CAP from hallglib.SchLib
Replace Part C4 CAP in E:\Konyvtarak\Dokumentumok\_Egyetemi tárgyak\ÖnLab\Altium\OnLab_Vezerlo\Components.SchDoc with CAP from hallglib.SchLib
Replace Part C5 CAP in E:\Konyvtarak\Dokumentumok\_Egyetemi tárgyak\ÖnLab\Altium\OnLab_Vezerlo\Components.SchDoc with CAP from hallglib.SchLib
Replace Part C6 CAP in E:\Konyvtarak\Dokumentumok\_Egyetemi tárgyak\ÖnLab\Altium\OnLab_Vezerlo\Components.SchDoc with CAP from hallglib.SchLib
Replace Part C7 CAP in E:\Konyvtarak\Dokumentumok\_Egyetemi tárgyak\ÖnLab\Altium\OnLab_Vezerlo\Components.SchDoc with CAP from hallglib.SchLib
Replace Part C8 CAP in E:\Konyvtarak\Dokumentumok\_Egyetemi tárgyak\ÖnLab\Altium\OnLab_Vezerlo\Components.SchDoc with CAP from hallglib.SchLib
Replace Part C9 CAP in E:\Konyvtarak\Dokumentumok\_Egyetemi tárgyak\ÖnLab\Altium\OnLab_Vezerlo\Components.SchDoc with CAP from hallglib.SchLib
Replace Part D3 LED in E:\Konyvtarak\Dokumentumok\_Egyetemi tárgyak\ÖnLab\Altium\OnLab_Vezerlo\Components.SchDoc with LED from hallglib.SchLib
Replace Part D4 LED in E:\Konyvtarak\Dokumentumok\_Egyetemi tárgyak\ÖnLab\Altium\OnLab_Vezerlo\Components.SchDoc with LED from hallglib.SchLib
Replace Part D5 LED in E:\Konyvtarak\Dokumentumok\_Egyetemi tárgyak\ÖnLab\Altium\OnLab_Vezerlo\Components.SchDoc with LED from hallglib.SchLib
Replace Part D6 LED in E:\Konyvtarak\Dokumentumok\_Egyetemi tárgyak\ÖnLab\Altium\OnLab_Vezerlo\Components.SchDoc with LED from hallglib.SchLib
Replace Part E1 EEPROM in E:\Konyvtarak\Dokumentumok\_Egyetemi tárgyak\ÖnLab\Altium\OnLab_Vezerlo\Components.SchDoc with EEPROM from hallglib.SchLib
Replace Part R3 RES in E:\Konyvtarak\Dokumentumok\_Egyetemi tárgyak\ÖnLab\Altium\OnLab_Vezerlo\Components.SchDoc with RES from hallglib.SchLib
Replace Part R4 RES in E:\Konyvtarak\Dokumentumok\_Egyetemi tárgyak\ÖnLab\Altium\OnLab_Vezerlo\Components.SchDoc with RES from hallglib.SchLib
Replace Part R5 RES in E:\Konyvtarak\Dokumentumok\_Egyetemi tárgyak\ÖnLab\Altium\OnLab_Vezerlo\Components.SchDoc with RES from hallglib.SchLib
Replace Part R6 RES in E:\Konyvtarak\Dokumentumok\_Egyetemi tárgyak\ÖnLab\Altium\OnLab_Vezerlo\Components.SchDoc with RES from hallglib.SchLib
Replace Part R7 RES in E:\Konyvtarak\Dokumentumok\_Egyetemi tárgyak\ÖnLab\Altium\OnLab_Vezerlo\Components.SchDoc with RES from hallglib.SchLib
Replace Part R8 RES in E:\Konyvtarak\Dokumentumok\_Egyetemi tárgyak\ÖnLab\Altium\OnLab_Vezerlo\Components.SchDoc with RES from hallglib.SchLib
Replace Part R9 RES in E:\Konyvtarak\Dokumentumok\_Egyetemi tárgyak\ÖnLab\Altium\OnLab_Vezerlo\Components.SchDoc with RES from hallglib.SchLib
Replace Part R10 RES in E:\Konyvtarak\Dokumentumok\_Egyetemi tárgyak\ÖnLab\Altium\OnLab_Vezerlo\Components.SchDoc with RES from hallglib.SchLib
Replace Part R11 RES in E:\Konyvtarak\Dokumentumok\_Egyetemi tárgyak\ÖnLab\Altium\OnLab_Vezerlo\Components.SchDoc with RES from hallglib.SchLib
Replace Part R12 RES in E:\Konyvtarak\Dokumentumok\_Egyetemi tárgyak\ÖnLab\Altium\OnLab_Vezerlo\Components.SchDoc with RES from hallglib.SchLib
Replace Part R13 RES in E:\Konyvtarak\Dokumentumok\_Egyetemi tárgyak\ÖnLab\Altium\OnLab_Vezerlo\Components.SchDoc with RES from hallglib.SchLib
Replace Part R14 RES in E:\Konyvtarak\Dokumentumok\_Egyetemi tárgyak\ÖnLab\Altium\OnLab_Vezerlo\Components.SchDoc with RES from hallglib.SchLib
Replace Part R15 RES in E:\Konyvtarak\Dokumentumok\_Egyetemi tárgyak\ÖnLab\Altium\OnLab_Vezerlo\Components.SchDoc with RES from hallglib.SchLib
Replace Part R16 RES in E:\Konyvtarak\Dokumentumok\_Egyetemi tárgyak\ÖnLab\Altium\OnLab_Vezerlo\Components.SchDoc with RES from hallglib.SchLib
Replace Part RTC1 RTC_TSSOP-14 in E:\Konyvtarak\Dokumentumok\_Egyetemi tárgyak\ÖnLab\Altium\OnLab_Vezerlo\Components.SchDoc with RTC_TSSOP-14 from hallglib.SchLib
Replace Part X1 Crystal in E:\Konyvtarak\Dokumentumok\_Egyetemi tárgyak\ÖnLab\Altium\OnLab_Vezerlo\Components.SchDoc with Crystal from hallglib.SchLib
