Change Component Designator: Old Designator=B? New Designator=B1
Change Component Designator: Old Designator=B? New Designator=B2
Change Component Designator: Old Designator=B? New Designator=B3
Change Component Designator: Old Designator=B? New Designator=B4
Change Component Designator: Old Designator=B? New Designator=B5
Change Component Designator: Old Designator=BH? New Designator=BH1
Change Component Designator: Old Designator=C? New Designator=C2
Change Component Designator: Old Designator=C? New Designator=C3
Change Component Designator: Old Designator=C? New Designator=C4
Change Component Designator: Old Designator=C? New Designator=C5
Change Component Designator: Old Designator=C? New Designator=C6
Change Component Designator: Old Designator=C? New Designator=C7
Change Component Designator: Old Designator=C? New Designator=C8
Change Component Designator: Old Designator=C? New Designator=C9
Change Component Designator: Old Designator=D? New Designator=D3
Change Component Designator: Old Designator=D? New Designator=D4
Change Component Designator: Old Designator=D? New Designator=D5
Change Component Designator: Old Designator=D? New Designator=D6
Change Component Designator: Old Designator=E? New Designator=E1
Change Component Designator: Old Designator=OLED? New Designator=OLED1
Change Component Designator: Old Designator=R? New Designator=R3
Change Component Designator: Old Designator=R? New Designator=R4
Change Component Designator: Old Designator=R? New Designator=R5
Change Component Designator: Old Designator=R? New Designator=R6
Change Component Designator: Old Designator=R? New Designator=R7
Change Component Designator: Old Designator=R? New Designator=R8
Change Component Designator: Old Designator=R? New Designator=R9
Change Component Designator: Old Designator=R? New Designator=R10
Change Component Designator: Old Designator=R? New Designator=R11
Change Component Designator: Old Designator=R? New Designator=R12
Change Component Designator: Old Designator=R? New Designator=R13
Change Component Designator: Old Designator=R? New Designator=R14
Change Component Designator: Old Designator=R? New Designator=R15
Change Component Designator: Old Designator=R? New Designator=R16
Change Component Designator: Old Designator=RTC? New Designator=RTC1
Change Component Designator: Old Designator=X? New Designator=X1
