Change Component Designator: Old Designator=CTB1 New Designator=CTB12
Change Component Designator: Old Designator=CTB2 New Designator=CTB16
Change Component Designator: Old Designator=CTB3 New Designator=CTB8
Change Component Designator: Old Designator=CTB4 New Designator=CTB7
Change Component Designator: Old Designator=CTB5 New Designator=CTB11
Change Component Designator: Old Designator=CTB6 New Designator=CTB15
Change Component Designator: Old Designator=CTB7 New Designator=CTB6
Change Component Designator: Old Designator=CTB8 New Designator=CTB5
Change Component Designator: Old Designator=CTB9 New Designator=CTB10
Change Component Designator: Old Designator=CTB10 New Designator=CTB14
Change Component Designator: Old Designator=CTB11 New Designator=CTB4
Change Component Designator: Old Designator=CTB12 New Designator=CTB3
Change Component Designator: Old Designator=CTB13 New Designator=CTB9
Change Component Designator: Old Designator=CTB14 New Designator=CTB13
Change Component Designator: Old Designator=CTB15 New Designator=CTB2
Change Component Designator: Old Designator=CTB16 New Designator=CTB1
Change Component Designator: Old Designator=D6 New Designator=D9
Change Component Designator: Old Designator=D7 New Designator=D13
Change Component Designator: Old Designator=D9 New Designator=D12
Change Component Designator: Old Designator=D10 New Designator=D7
Change Component Designator: Old Designator=D12 New Designator=D6
Change Component Designator: Old Designator=D13 New Designator=D10
Change Component Designator: Old Designator=K1 New Designator=K4
Change Component Designator: Old Designator=K2 New Designator=K8
Change Component Designator: Old Designator=K4 New Designator=K7
Change Component Designator: Old Designator=K5 New Designator=K2
Change Component Designator: Old Designator=K7 New Designator=K1
Change Component Designator: Old Designator=K8 New Designator=K5
Change Component Designator: Old Designator=OC1 New Designator=OC2
Change Component Designator: Old Designator=OC2 New Designator=OC1
Change Component Designator: Old Designator=Q1 New Designator=Q4
Change Component Designator: Old Designator=Q2 New Designator=Q8
Change Component Designator: Old Designator=Q4 New Designator=Q7
Change Component Designator: Old Designator=Q5 New Designator=Q2
Change Component Designator: Old Designator=Q7 New Designator=Q1
Change Component Designator: Old Designator=Q8 New Designator=Q5
Change Component Designator: Old Designator=R17 New Designator=R24
Change Component Designator: Old Designator=R18 New Designator=R36
Change Component Designator: Old Designator=R19 New Designator=R44
Change Component Designator: Old Designator=R20 New Designator=R40
Change Component Designator: Old Designator=R21 New Designator=R48
Change Component Designator: Old Designator=R22 New Designator=R23
Change Component Designator: Old Designator=R23 New Designator=R32
Change Component Designator: Old Designator=R24 New Designator=R31
Change Component Designator: Old Designator=R25 New Designator=R22
Change Component Designator: Old Designator=R26 New Designator=R30
Change Component Designator: Old Designator=R27 New Designator=R35
Change Component Designator: Old Designator=R28 New Designator=R43
Change Component Designator: Old Designator=R30 New Designator=R39
Change Component Designator: Old Designator=R31 New Designator=R47
Change Component Designator: Old Designator=R32 New Designator=R21
Change Component Designator: Old Designator=R33 New Designator=R20
Change Component Designator: Old Designator=R35 New Designator=R42
Change Component Designator: Old Designator=R36 New Designator=R38
Change Component Designator: Old Designator=R37 New Designator=R46
Change Component Designator: Old Designator=R38 New Designator=R19
Change Component Designator: Old Designator=R39 New Designator=R28
Change Component Designator: Old Designator=R40 New Designator=R27
Change Component Designator: Old Designator=R41 New Designator=R18
Change Component Designator: Old Designator=R42 New Designator=R26
Change Component Designator: Old Designator=R43 New Designator=R33
Change Component Designator: Old Designator=R44 New Designator=R41
Change Component Designator: Old Designator=R45 New Designator=R25
Change Component Designator: Old Designator=R46 New Designator=R37
Change Component Designator: Old Designator=R47 New Designator=R45
Change Component Designator: Old Designator=R48 New Designator=R17
Change Component Designator: Old Designator=TVS1 New Designator=TVS8
Change Component Designator: Old Designator=TVS2 New Designator=TVS7
Change Component Designator: Old Designator=TVS3 New Designator=TVS6
Change Component Designator: Old Designator=TVS4 New Designator=TVS5
Change Component Designator: Old Designator=TVS5 New Designator=TVS4
Change Component Designator: Old Designator=TVS6 New Designator=TVS3
Change Component Designator: Old Designator=TVS7 New Designator=TVS2
Change Component Designator: Old Designator=TVS8 New Designator=TVS1
