Change Component Designator: Old Designator=CTB? New Designator=CTB1
Change Component Designator: Old Designator=CTB? New Designator=CTB2
Change Component Designator: Old Designator=CTB? New Designator=CTB3
Change Component Designator: Old Designator=CTB? New Designator=CTB4
Change Component Designator: Old Designator=CTB? New Designator=CTB5
Change Component Designator: Old Designator=CTB? New Designator=CTB6
Change Component Designator: Old Designator=CTB? New Designator=CTB7
Change Component Designator: Old Designator=CTB? New Designator=CTB8
Change Component Designator: Old Designator=CTB? New Designator=CTB9
Change Component Designator: Old Designator=CTB? New Designator=CTB10
Change Component Designator: Old Designator=CTB? New Designator=CTB11
Change Component Designator: Old Designator=CTB? New Designator=CTB12
Change Component Designator: Old Designator=CTB? New Designator=CTB13
Change Component Designator: Old Designator=CTB? New Designator=CTB14
Change Component Designator: Old Designator=CTB? New Designator=CTB15
Change Component Designator: Old Designator=CTB? New Designator=CTB16
Change Component Designator: Old Designator=D? New Designator=D7
Change Component Designator: Old Designator=D? New Designator=D8
Change Component Designator: Old Designator=D? New Designator=D9
Change Component Designator: Old Designator=D? New Designator=D10
Change Component Designator: Old Designator=D? New Designator=D11
Change Component Designator: Old Designator=D? New Designator=D12
Change Component Designator: Old Designator=D? New Designator=D13
Change Component Designator: Old Designator=D? New Designator=D14
Change Component Designator: Old Designator=K? New Designator=K1
Change Component Designator: Old Designator=K? New Designator=K2
Change Component Designator: Old Designator=K? New Designator=K3
Change Component Designator: Old Designator=K? New Designator=K4
Change Component Designator: Old Designator=K? New Designator=K5
Change Component Designator: Old Designator=K? New Designator=K6
Change Component Designator: Old Designator=K? New Designator=K7
Change Component Designator: Old Designator=K? New Designator=K8
Change Component Designator: Old Designator=OC? New Designator=OC1
Change Component Designator: Old Designator=OC? New Designator=OC2
Change Component Designator: Old Designator=Q? New Designator=Q1
Change Component Designator: Old Designator=Q? New Designator=Q2
Change Component Designator: Old Designator=Q? New Designator=Q3
Change Component Designator: Old Designator=Q? New Designator=Q4
Change Component Designator: Old Designator=Q? New Designator=Q5
Change Component Designator: Old Designator=Q? New Designator=Q6
Change Component Designator: Old Designator=Q? New Designator=Q7
Change Component Designator: Old Designator=Q? New Designator=Q8
Change Component Designator: Old Designator=R? New Designator=R17
Change Component Designator: Old Designator=R? New Designator=R18
Change Component Designator: Old Designator=R? New Designator=R19
Change Component Designator: Old Designator=R? New Designator=R20
Change Component Designator: Old Designator=R? New Designator=R21
Change Component Designator: Old Designator=R? New Designator=R22
Change Component Designator: Old Designator=R? New Designator=R23
Change Component Designator: Old Designator=R? New Designator=R24
Change Component Designator: Old Designator=R? New Designator=R25
Change Component Designator: Old Designator=R? New Designator=R26
Change Component Designator: Old Designator=R? New Designator=R27
Change Component Designator: Old Designator=R? New Designator=R28
Change Component Designator: Old Designator=R? New Designator=R29
Change Component Designator: Old Designator=R? New Designator=R30
Change Component Designator: Old Designator=R? New Designator=R31
Change Component Designator: Old Designator=R? New Designator=R32
Change Component Designator: Old Designator=R? New Designator=R33
Change Component Designator: Old Designator=R? New Designator=R34
Change Component Designator: Old Designator=R? New Designator=R35
Change Component Designator: Old Designator=R? New Designator=R36
Change Component Designator: Old Designator=R? New Designator=R37
Change Component Designator: Old Designator=R? New Designator=R38
Change Component Designator: Old Designator=R? New Designator=R39
Change Component Designator: Old Designator=R? New Designator=R40
Change Component Designator: Old Designator=R? New Designator=R41
Change Component Designator: Old Designator=R? New Designator=R42
Change Component Designator: Old Designator=R? New Designator=R43
Change Component Designator: Old Designator=R? New Designator=R44
Change Component Designator: Old Designator=R? New Designator=R45
Change Component Designator: Old Designator=R? New Designator=R46
Change Component Designator: Old Designator=R? New Designator=R47
Change Component Designator: Old Designator=R? New Designator=R48
Change Component Designator: Old Designator=TVS? New Designator=TVS1
Change Component Designator: Old Designator=TVS? New Designator=TVS2
Change Component Designator: Old Designator=TVS? New Designator=TVS3
Change Component Designator: Old Designator=TVS? New Designator=TVS4
Change Component Designator: Old Designator=TVS? New Designator=TVS5
Change Component Designator: Old Designator=TVS? New Designator=TVS6
Change Component Designator: Old Designator=TVS? New Designator=TVS7
Change Component Designator: Old Designator=TVS? New Designator=TVS8
