Replace Part CTB1 CTB in E:\Konyvtarak\Dokumentumok\_Egyetemi tárgyak\ÖnLab\Altium\OnLab_Vezerlo\InputOutput.SchDoc with CTB from hallglib.SchLib
Replace Part CTB2 CTB in E:\Konyvtarak\Dokumentumok\_Egyetemi tárgyak\ÖnLab\Altium\OnLab_Vezerlo\InputOutput.SchDoc with CTB from hallglib.SchLib
Replace Part CTB3 CTB in E:\Konyvtarak\Dokumentumok\_Egyetemi tárgyak\ÖnLab\Altium\OnLab_Vezerlo\InputOutput.SchDoc with CTB from hallglib.SchLib
Replace Part CTB4 CTB in E:\Konyvtarak\Dokumentumok\_Egyetemi tárgyak\ÖnLab\Altium\OnLab_Vezerlo\InputOutput.SchDoc with CTB from hallglib.SchLib
Replace Part CTB5 CTB in E:\Konyvtarak\Dokumentumok\_Egyetemi tárgyak\ÖnLab\Altium\OnLab_Vezerlo\InputOutput.SchDoc with CTB from hallglib.SchLib
Replace Part CTB6 CTB in E:\Konyvtarak\Dokumentumok\_Egyetemi tárgyak\ÖnLab\Altium\OnLab_Vezerlo\InputOutput.SchDoc with CTB from hallglib.SchLib
Replace Part CTB7 CTB in E:\Konyvtarak\Dokumentumok\_Egyetemi tárgyak\ÖnLab\Altium\OnLab_Vezerlo\InputOutput.SchDoc with CTB from hallglib.SchLib
Replace Part CTB8 CTB in E:\Konyvtarak\Dokumentumok\_Egyetemi tárgyak\ÖnLab\Altium\OnLab_Vezerlo\InputOutput.SchDoc with CTB from hallglib.SchLib
Replace Part D7 Diode in E:\Konyvtarak\Dokumentumok\_Egyetemi tárgyak\ÖnLab\Altium\OnLab_Vezerlo\InputOutput.SchDoc with Diode from Miscellaneous Devices.IntLib
Replace Part D8 Diode in E:\Konyvtarak\Dokumentumok\_Egyetemi tárgyak\ÖnLab\Altium\OnLab_Vezerlo\InputOutput.SchDoc with Diode from Miscellaneous Devices.IntLib
Replace Part D9 Diode in E:\Konyvtarak\Dokumentumok\_Egyetemi tárgyak\ÖnLab\Altium\OnLab_Vezerlo\InputOutput.SchDoc with Diode from Miscellaneous Devices.IntLib
Replace Part D10 Diode in E:\Konyvtarak\Dokumentumok\_Egyetemi tárgyak\ÖnLab\Altium\OnLab_Vezerlo\InputOutput.SchDoc with Diode from Miscellaneous Devices.IntLib
Replace Part K1 Relay-SPST in E:\Konyvtarak\Dokumentumok\_Egyetemi tárgyak\ÖnLab\Altium\OnLab_Vezerlo\InputOutput.SchDoc with Relay-SPST from Miscellaneous Devices.IntLib
Replace Part K2 Relay-SPST in E:\Konyvtarak\Dokumentumok\_Egyetemi tárgyak\ÖnLab\Altium\OnLab_Vezerlo\InputOutput.SchDoc with Relay-SPST from Miscellaneous Devices.IntLib
Replace Part K3 Relay-SPST in E:\Konyvtarak\Dokumentumok\_Egyetemi tárgyak\ÖnLab\Altium\OnLab_Vezerlo\InputOutput.SchDoc with Relay-SPST from Miscellaneous Devices.IntLib
Replace Part K4 Relay-SPST in E:\Konyvtarak\Dokumentumok\_Egyetemi tárgyak\ÖnLab\Altium\OnLab_Vezerlo\InputOutput.SchDoc with Relay-SPST from Miscellaneous Devices.IntLib
Replace Part OC1 Optocoupler in E:\Konyvtarak\Dokumentumok\_Egyetemi tárgyak\ÖnLab\Altium\OnLab_Vezerlo\InputOutput.SchDoc with Optocoupler from hallglib.SchLib
Replace Part Q1 NMOS in E:\Konyvtarak\Dokumentumok\_Egyetemi tárgyak\ÖnLab\Altium\OnLab_Vezerlo\InputOutput.SchDoc with NMOS from hallglib.SchLib
Replace Part Q2 NMOS in E:\Konyvtarak\Dokumentumok\_Egyetemi tárgyak\ÖnLab\Altium\OnLab_Vezerlo\InputOutput.SchDoc with NMOS from hallglib.SchLib
Replace Part Q3 NMOS in E:\Konyvtarak\Dokumentumok\_Egyetemi tárgyak\ÖnLab\Altium\OnLab_Vezerlo\InputOutput.SchDoc with NMOS from hallglib.SchLib
Replace Part Q4 NMOS in E:\Konyvtarak\Dokumentumok\_Egyetemi tárgyak\ÖnLab\Altium\OnLab_Vezerlo\InputOutput.SchDoc with NMOS from hallglib.SchLib
Replace Part R17 RES in E:\Konyvtarak\Dokumentumok\_Egyetemi tárgyak\ÖnLab\Altium\OnLab_Vezerlo\InputOutput.SchDoc with RES from hallglib.SchLib
Replace Part R18 RES in E:\Konyvtarak\Dokumentumok\_Egyetemi tárgyak\ÖnLab\Altium\OnLab_Vezerlo\InputOutput.SchDoc with RES from hallglib.SchLib
Replace Part R19 RES in E:\Konyvtarak\Dokumentumok\_Egyetemi tárgyak\ÖnLab\Altium\OnLab_Vezerlo\InputOutput.SchDoc with RES from hallglib.SchLib
Replace Part R20 RES in E:\Konyvtarak\Dokumentumok\_Egyetemi tárgyak\ÖnLab\Altium\OnLab_Vezerlo\InputOutput.SchDoc with RES from hallglib.SchLib
Replace Part R21 RES in E:\Konyvtarak\Dokumentumok\_Egyetemi tárgyak\ÖnLab\Altium\OnLab_Vezerlo\InputOutput.SchDoc with RES from hallglib.SchLib
Replace Part R22 RES in E:\Konyvtarak\Dokumentumok\_Egyetemi tárgyak\ÖnLab\Altium\OnLab_Vezerlo\InputOutput.SchDoc with RES from hallglib.SchLib
Replace Part R23 RES in E:\Konyvtarak\Dokumentumok\_Egyetemi tárgyak\ÖnLab\Altium\OnLab_Vezerlo\InputOutput.SchDoc with RES from hallglib.SchLib
Replace Part R24 RES in E:\Konyvtarak\Dokumentumok\_Egyetemi tárgyak\ÖnLab\Altium\OnLab_Vezerlo\InputOutput.SchDoc with RES from hallglib.SchLib
Replace Part R25 RES in E:\Konyvtarak\Dokumentumok\_Egyetemi tárgyak\ÖnLab\Altium\OnLab_Vezerlo\InputOutput.SchDoc with RES from hallglib.SchLib
Replace Part R26 RES in E:\Konyvtarak\Dokumentumok\_Egyetemi tárgyak\ÖnLab\Altium\OnLab_Vezerlo\InputOutput.SchDoc with RES from hallglib.SchLib
Replace Part R27 RES in E:\Konyvtarak\Dokumentumok\_Egyetemi tárgyak\ÖnLab\Altium\OnLab_Vezerlo\InputOutput.SchDoc with RES from hallglib.SchLib
Replace Part R28 RES in E:\Konyvtarak\Dokumentumok\_Egyetemi tárgyak\ÖnLab\Altium\OnLab_Vezerlo\InputOutput.SchDoc with RES from hallglib.SchLib
Replace Part R29 RES in E:\Konyvtarak\Dokumentumok\_Egyetemi tárgyak\ÖnLab\Altium\OnLab_Vezerlo\InputOutput.SchDoc with RES from hallglib.SchLib
Replace Part R30 RES in E:\Konyvtarak\Dokumentumok\_Egyetemi tárgyak\ÖnLab\Altium\OnLab_Vezerlo\InputOutput.SchDoc with RES from hallglib.SchLib
Replace Part R31 RES in E:\Konyvtarak\Dokumentumok\_Egyetemi tárgyak\ÖnLab\Altium\OnLab_Vezerlo\InputOutput.SchDoc with RES from hallglib.SchLib
Replace Part R32 RES in E:\Konyvtarak\Dokumentumok\_Egyetemi tárgyak\ÖnLab\Altium\OnLab_Vezerlo\InputOutput.SchDoc with RES from hallglib.SchLib
Replace Part TVS1 ZENER in E:\Konyvtarak\Dokumentumok\_Egyetemi tárgyak\ÖnLab\Altium\OnLab_Vezerlo\InputOutput.SchDoc with ZENER from hallglib.SchLib
Replace Part TVS2 ZENER in E:\Konyvtarak\Dokumentumok\_Egyetemi tárgyak\ÖnLab\Altium\OnLab_Vezerlo\InputOutput.SchDoc with ZENER from hallglib.SchLib
Replace Part TVS3 ZENER in E:\Konyvtarak\Dokumentumok\_Egyetemi tárgyak\ÖnLab\Altium\OnLab_Vezerlo\InputOutput.SchDoc with ZENER from hallglib.SchLib
Replace Part TVS4 ZENER in E:\Konyvtarak\Dokumentumok\_Egyetemi tárgyak\ÖnLab\Altium\OnLab_Vezerlo\InputOutput.SchDoc with ZENER from hallglib.SchLib
