Removed Pin From Net: NetName=NetCTB5_1 Pin=CTB5-1
Removed Pin From Net: NetName=NetCTB5_2 Pin=CTB5-2
Removed Pin From Net: NetName=NetCTB6_1 Pin=CTB6-1
Removed Pin From Net: NetName=NetCTB6_2 Pin=CTB6-2
Removed Pin From Net: NetName=NetCTB7_1 Pin=CTB7-1
Removed Pin From Net: NetName=NetCTB7_2 Pin=CTB7-2
Removed Pin From Net: NetName=NetCTB8_1 Pin=CTB8-1
Removed Pin From Net: NetName=NetCTB8_2 Pin=CTB8-2
Removed Pin From Net: NetName=NetCTB5_1 Pin=OC2-2
Removed Pin From Net: NetName=NetCTB6_1 Pin=OC2-4
Removed Pin From Net: NetName=NetCTB7_1 Pin=OC2-6
Removed Pin From Net: NetName=NetCTB8_1 Pin=OC2-8
Removed Pin From Net: NetName=3V3 Pin=OC2-10
Removed Pin From Net: NetName=3V3 Pin=OC2-12
Removed Pin From Net: NetName=3V3 Pin=OC2-14
Removed Pin From Net: NetName=3V3 Pin=OC2-16
Removed Pin From Net: NetName=GND Pin=Q5-3
Removed Pin From Net: NetName=GND Pin=Q6-3
Removed Pin From Net: NetName=GND Pin=Q7-3
Removed Pin From Net: NetName=GND Pin=Q8-3
Removed Pin From Net: NetName=NetCTB5_2 Pin=R21-1
Removed Pin From Net: NetName=NetCTB6_2 Pin=R22-1
Removed Pin From Net: NetName=NetCTB7_2 Pin=R23-1
Removed Pin From Net: NetName=NetCTB8_2 Pin=R24-1
Removed Pin From Net: NetName=GND Pin=R29-2
Removed Pin From Net: NetName=GND Pin=R30-2
Removed Pin From Net: NetName=GND Pin=R31-2
Removed Pin From Net: NetName=GND Pin=R32-2
Removed Pin From Net: NetName=GND Pin=R45-1
Removed Pin From Net: NetName=GND Pin=R46-1
Removed Pin From Net: NetName=GND Pin=R47-1
Removed Pin From Net: NetName=GND Pin=R48-1
Removed Pin From Net: NetName=NetCTB5_1 Pin=TVS5-2
Removed Pin From Net: NetName=NetCTB6_1 Pin=TVS6-2
Removed Pin From Net: NetName=NetCTB7_1 Pin=TVS7-2
Removed Pin From Net: NetName=NetCTB8_1 Pin=TVS8-2
Removed Member From Class: ClassName=U_InputOutput Member=CTB9
Removed Member From Class: ClassName=U_InputOutput Member=CTB10
Removed Member From Class: ClassName=U_InputOutput Member=CTB11
Removed Member From Class: ClassName=U_InputOutput Member=CTB12
Removed Member From Class: ClassName=U_InputOutput Member=CTB13
Removed Member From Class: ClassName=U_InputOutput Member=CTB14
Removed Member From Class: ClassName=U_InputOutput Member=CTB15
Removed Member From Class: ClassName=U_InputOutput Member=CTB16
Removed Member From Class: ClassName=U_InputOutput Member=D11
Removed Member From Class: ClassName=U_InputOutput Member=D12
Removed Member From Class: ClassName=U_InputOutput Member=D13
Removed Member From Class: ClassName=U_InputOutput Member=D14
Removed Member From Class: ClassName=U_InputOutput Member=K5
Removed Member From Class: ClassName=U_InputOutput Member=K6
Removed Member From Class: ClassName=U_InputOutput Member=K7
Removed Member From Class: ClassName=U_InputOutput Member=K8
Removed Member From Class: ClassName=U_InputOutput Member=OC2
Removed Member From Class: ClassName=U_InputOutput Member=Q5
Removed Member From Class: ClassName=U_InputOutput Member=Q6
Removed Member From Class: ClassName=U_InputOutput Member=Q7
Removed Member From Class: ClassName=U_InputOutput Member=Q8
Removed Member From Class: ClassName=U_InputOutput Member=R33
Removed Member From Class: ClassName=U_InputOutput Member=R34
Removed Member From Class: ClassName=U_InputOutput Member=R35
Removed Member From Class: ClassName=U_InputOutput Member=R36
Removed Member From Class: ClassName=U_InputOutput Member=R37
Removed Member From Class: ClassName=U_InputOutput Member=R38
Removed Member From Class: ClassName=U_InputOutput Member=R39
Removed Member From Class: ClassName=U_InputOutput Member=R40
Removed Member From Class: ClassName=U_InputOutput Member=R41
Removed Member From Class: ClassName=U_InputOutput Member=R42
Removed Member From Class: ClassName=U_InputOutput Member=R43
Removed Member From Class: ClassName=U_InputOutput Member=R44
Removed Member From Class: ClassName=U_InputOutput Member=R45
Removed Member From Class: ClassName=U_InputOutput Member=R46
Removed Member From Class: ClassName=U_InputOutput Member=R47
Removed Member From Class: ClassName=U_InputOutput Member=R48
Removed Member From Class: ClassName=U_InputOutput Member=TVS5
Removed Member From Class: ClassName=U_InputOutput Member=TVS6
Removed Member From Class: ClassName=U_InputOutput Member=TVS7
Removed Member From Class: ClassName=U_InputOutput Member=TVS8
Change Component Designator: OldDesignator=CTB9 NewDesignator=CTB5
Change Component Designator: OldDesignator=CTB10 NewDesignator=CTB6
Change Component Designator: OldDesignator=CTB11 NewDesignator=CTB7
Change Component Designator: OldDesignator=CTB12 NewDesignator=CTB8
Change Component Designator: OldDesignator=R25 NewDesignator=R21
Change Component Designator: OldDesignator=R26 NewDesignator=R22
Change Component Designator: OldDesignator=R27 NewDesignator=R23
Change Component Designator: OldDesignator=R28 NewDesignator=R24
Change Component Designator: OldDesignator=R33 NewDesignator=R25
Change Component Designator: OldDesignator=R34 NewDesignator=R26
Change Component Designator: OldDesignator=R35 NewDesignator=R27
Change Component Designator: OldDesignator=R36 NewDesignator=R28
Change Component Designator: OldDesignator=R37 NewDesignator=R29
Change Component Designator: OldDesignator=R38 NewDesignator=R30
Change Component Designator: OldDesignator=R39 NewDesignator=R31
Change Component Designator: OldDesignator=R40 NewDesignator=R32
Added Pin To Net: NetName=NetCTB5_1 Pin=CTB5-1
Added Pin To Net: NetName=NetCTB5_2 Pin=CTB5-2
Added Pin To Net: NetName=NetCTB6_1 Pin=CTB6-1
Added Pin To Net: NetName=NetCTB6_2 Pin=CTB6-2
Added Pin To Net: NetName=NetCTB7_1 Pin=CTB7-1
Added Pin To Net: NetName=NetCTB7_2 Pin=CTB7-2
Added Pin To Net: NetName=NetCTB8_1 Pin=CTB8-1
Added Pin To Net: NetName=NetCTB8_2 Pin=CTB8-2
