Added Component: Designator=B1(FP_BTN_SMD)
Add component (AddParameter): Name = "Name"; Value = ""; VariantName = "[No Variations]"
Add component (AddParameter): Name = "Reference"; Value = ""; VariantName = "[No Variations]"
Add component (AddParameter): Name = "Supplier"; Value = ""; VariantName = "[No Variations]"
Added Component: Designator=B2(FP_BTN_SMD)
Add component (AddParameter): Name = "Name"; Value = ""; VariantName = "[No Variations]"
Add component (AddParameter): Name = "Reference"; Value = ""; VariantName = "[No Variations]"
Add component (AddParameter): Name = "Supplier"; Value = ""; VariantName = "[No Variations]"
Added Component: Designator=B3(FP_BTN_SMD)
Add component (AddParameter): Name = "Name"; Value = ""; VariantName = "[No Variations]"
Add component (AddParameter): Name = "Reference"; Value = ""; VariantName = "[No Variations]"
Add component (AddParameter): Name = "Supplier"; Value = ""; VariantName = "[No Variations]"
Added Component: Designator=B4(FP_BTN_SMD)
Add component (AddParameter): Name = "Name"; Value = ""; VariantName = "[No Variations]"
Add component (AddParameter): Name = "Reference"; Value = ""; VariantName = "[No Variations]"
Add component (AddParameter): Name = "Supplier"; Value = ""; VariantName = "[No Variations]"
Added Component: Designator=B5(FP_BTN_SMD)
Add component (AddParameter): Name = "Name"; Value = ""; VariantName = "[No Variations]"
Add component (AddParameter): Name = "Reference"; Value = ""; VariantName = "[No Variations]"
Add component (AddParameter): Name = "Supplier"; Value = ""; VariantName = "[No Variations]"
Added Component: Designator=BH1(ONLAB_ELEMTARTO)
Added Component: Designator=C1(FP_0805_CAP_085)
Add component (AddParameter): Name = "Name"; Value = ""; VariantName = "[No Variations]"
Add component (AddParameter): Name = "Reference"; Value = ""; VariantName = "[No Variations]"
Add component (AddParameter): Name = "Supplier"; Value = ""; VariantName = "[No Variations]"
Add component (AddParameter): Name = "Tolerance"; Value = ""; VariantName = "[No Variations]"
Add component (AddParameter): Name = "Value"; Value = "100nF"; VariantName = "[No Variations]"
Add component (AddParameter): Name = "Voltage"; Value = ""; VariantName = "[No Variations]"
Added Component: Designator=C2(FP_0805_CAP_085)
Add component (AddParameter): Name = "Name"; Value = ""; VariantName = "[No Variations]"
Add component (AddParameter): Name = "Reference"; Value = ""; VariantName = "[No Variations]"
Add component (AddParameter): Name = "Supplier"; Value = ""; VariantName = "[No Variations]"
Add component (AddParameter): Name = "Tolerance"; Value = ""; VariantName = "[No Variations]"
Add component (AddParameter): Name = "Value"; Value = "2.2uF"; VariantName = "[No Variations]"
Add component (AddParameter): Name = "Voltage"; Value = ""; VariantName = "[No Variations]"
Added Component: Designator=C3(FP_0805_CAP_085)
Add component (AddParameter): Name = "Name"; Value = ""; VariantName = "[No Variations]"
Add component (AddParameter): Name = "Reference"; Value = ""; VariantName = "[No Variations]"
Add component (AddParameter): Name = "Supplier"; Value = ""; VariantName = "[No Variations]"
Add component (AddParameter): Name = "Tolerance"; Value = ""; VariantName = "[No Variations]"
Add component (AddParameter): Name = "Value"; Value = "2.2uF"; VariantName = "[No Variations]"
Add component (AddParameter): Name = "Voltage"; Value = ""; VariantName = "[No Variations]"
Added Component: Designator=C4(FP_0805_CAP_085)
Add component (AddParameter): Name = "Name"; Value = ""; VariantName = "[No Variations]"
Add component (AddParameter): Name = "Reference"; Value = ""; VariantName = "[No Variations]"
Add component (AddParameter): Name = "Supplier"; Value = ""; VariantName = "[No Variations]"
Add component (AddParameter): Name = "Tolerance"; Value = ""; VariantName = "[No Variations]"
Add component (AddParameter): Name = "Value"; Value = "2.2uF"; VariantName = "[No Variations]"
Add component (AddParameter): Name = "Voltage"; Value = ""; VariantName = "[No Variations]"
Added Component: Designator=C5(FP_0805_CAP_085)
Add component (AddParameter): Name = "Name"; Value = ""; VariantName = "[No Variations]"
Add component (AddParameter): Name = "Reference"; Value = ""; VariantName = "[No Variations]"
Add component (AddParameter): Name = "Supplier"; Value = ""; VariantName = "[No Variations]"
Add component (AddParameter): Name = "Tolerance"; Value = ""; VariantName = "[No Variations]"
Add component (AddParameter): Name = "Value"; Value = "2.2uF"; VariantName = "[No Variations]"
Add component (AddParameter): Name = "Voltage"; Value = ""; VariantName = "[No Variations]"
Added Component: Designator=C6(FP_0805_CAP_085)
Add component (AddParameter): Name = "Name"; Value = ""; VariantName = "[No Variations]"
Add component (AddParameter): Name = "Reference"; Value = ""; VariantName = "[No Variations]"
Add component (AddParameter): Name = "Supplier"; Value = ""; VariantName = "[No Variations]"
Add component (AddParameter): Name = "Tolerance"; Value = ""; VariantName = "[No Variations]"
Add component (AddParameter): Name = "Value"; Value = "2.2uF"; VariantName = "[No Variations]"
Add component (AddParameter): Name = "Voltage"; Value = ""; VariantName = "[No Variations]"
Added Component: Designator=C7(FP_0805_CAP_085)
Add component (AddParameter): Name = "Name"; Value = ""; VariantName = "[No Variations]"
Add component (AddParameter): Name = "Reference"; Value = ""; VariantName = "[No Variations]"
Add component (AddParameter): Name = "Supplier"; Value = ""; VariantName = "[No Variations]"
Add component (AddParameter): Name = "Tolerance"; Value = ""; VariantName = "[No Variations]"
Add component (AddParameter): Name = "Value"; Value = "100nF"; VariantName = "[No Variations]"
Add component (AddParameter): Name = "Voltage"; Value = ""; VariantName = "[No Variations]"
Added Component: Designator=C8(FP_0805_CAP_085)
Add component (AddParameter): Name = "Name"; Value = ""; VariantName = "[No Variations]"
Add component (AddParameter): Name = "Reference"; Value = ""; VariantName = "[No Variations]"
Add component (AddParameter): Name = "Supplier"; Value = ""; VariantName = "[No Variations]"
Add component (AddParameter): Name = "Tolerance"; Value = ""; VariantName = "[No Variations]"
Add component (AddParameter): Name = "Value"; Value = "100nF"; VariantName = "[No Variations]"
Add component (AddParameter): Name = "Voltage"; Value = ""; VariantName = "[No Variations]"
Added Component: Designator=C9(FP_0805_CAP_085)
Add component (AddParameter): Name = "Name"; Value = ""; VariantName = "[No Variations]"
Add component (AddParameter): Name = "Reference"; Value = ""; VariantName = "[No Variations]"
Add component (AddParameter): Name = "Supplier"; Value = ""; VariantName = "[No Variations]"
Add component (AddParameter): Name = "Tolerance"; Value = ""; VariantName = "[No Variations]"
Add component (AddParameter): Name = "Value"; Value = "100nF"; VariantName = "[No Variations]"
Add component (AddParameter): Name = "Voltage"; Value = ""; VariantName = "[No Variations]"
Added Component: Designator=CTB1(ONLAB_SORK_2_RN3.50)
Added Component: Designator=CTB2(ONLAB_SORK_2_RN3.50)
Added Component: Designator=CTB3(ONLAB_SORK_2_RN3.50)
Added Component: Designator=CTB4(ONLAB_SORK_2_RN3.50)
Added Component: Designator=CTB5(ONLAB_SORK_2_RN3.50)
Added Component: Designator=CTB6(ONLAB_SORK_2_RN3.50)
Added Component: Designator=CTB7(ONLAB_SORK_2_RN3.50)
Added Component: Designator=CTB8(ONLAB_SORK_2_RN3.50)
Added Component: Designator=CTB9(ONLAB_SORK_2_RN3.50)
Added Component: Designator=CTB10(ONLAB_SORK_2_RN3.50)
Added Component: Designator=CTB11(ONLAB_SORK_2_RN3.50)
Added Component: Designator=CTB12(ONLAB_SORK_2_RN3.50)
Added Component: Designator=CTB13(ONLAB_SORK_2_RN3.50)
Added Component: Designator=CTB14(ONLAB_SORK_2_RN3.50)
Added Component: Designator=CTB15(ONLAB_SORK_2_RN3.50)
Added Component: Designator=CTB16(ONLAB_SORK_2_RN3.50)
Added Component: Designator=D1(HF_FP_0805_LED_RED)
Add component (AddParameter): Name = "I_max"; Value = ""; VariantName = "[No Variations]"
Add component (AddParameter): Name = "Name"; Value = ""; VariantName = "[No Variations]"
Add component (AddParameter): Name = "Reference"; Value = ""; VariantName = "[No Variations]"
Add component (AddParameter): Name = "Supplier"; Value = ""; VariantName = "[No Variations]"
Add component (AddParameter): Name = "U_fw"; Value = ""; VariantName = "[No Variations]"
Added Component: Designator=D2(HF_FP_0805_LED_BLUE)
Add component (AddParameter): Name = "I_max"; Value = ""; VariantName = "[No Variations]"
Add component (AddParameter): Name = "Name"; Value = ""; VariantName = "[No Variations]"
Add component (AddParameter): Name = "Reference"; Value = ""; VariantName = "[No Variations]"
Add component (AddParameter): Name = "Supplier"; Value = ""; VariantName = "[No Variations]"
Add component (AddParameter): Name = "U_fw"; Value = ""; VariantName = "[No Variations]"
Added Component: Designator=D3(FP_0805_LED_RED)
Add component (AddParameter): Name = "I_max"; Value = ""; VariantName = "[No Variations]"
Add component (AddParameter): Name = "Name"; Value = ""; VariantName = "[No Variations]"
Add component (AddParameter): Name = "Reference"; Value = ""; VariantName = "[No Variations]"
Add component (AddParameter): Name = "Supplier"; Value = ""; VariantName = "[No Variations]"
Add component (AddParameter): Name = "U_fw"; Value = ""; VariantName = "[No Variations]"
Added Component: Designator=D4(FP_0805_LED_RED)
Add component (AddParameter): Name = "I_max"; Value = ""; VariantName = "[No Variations]"
Add component (AddParameter): Name = "Name"; Value = ""; VariantName = "[No Variations]"
Add component (AddParameter): Name = "Reference"; Value = ""; VariantName = "[No Variations]"
Add component (AddParameter): Name = "Supplier"; Value = ""; VariantName = "[No Variations]"
Add component (AddParameter): Name = "U_fw"; Value = ""; VariantName = "[No Variations]"
Added Component: Designator=D5(FP_0805_LED_RED)
Add component (AddParameter): Name = "I_max"; Value = ""; VariantName = "[No Variations]"
Add component (AddParameter): Name = "Name"; Value = ""; VariantName = "[No Variations]"
Add component (AddParameter): Name = "Reference"; Value = ""; VariantName = "[No Variations]"
Add component (AddParameter): Name = "Supplier"; Value = ""; VariantName = "[No Variations]"
Add component (AddParameter): Name = "U_fw"; Value = ""; VariantName = "[No Variations]"
Added Component: Designator=D6(FP_0805_LED_RED)
Add component (AddParameter): Name = "I_max"; Value = ""; VariantName = "[No Variations]"
Add component (AddParameter): Name = "Name"; Value = ""; VariantName = "[No Variations]"
Add component (AddParameter): Name = "Reference"; Value = ""; VariantName = "[No Variations]"
Add component (AddParameter): Name = "Supplier"; Value = ""; VariantName = "[No Variations]"
Add component (AddParameter): Name = "U_fw"; Value = ""; VariantName = "[No Variations]"
Added Component: Designator=D7(ONLAB_SMA_DO-214AC)
Add component (AddParameter): Name = "Code_JEDEC"; Value = "DO-214-AB"; VariantName = "[No Variations]"
Add component (AddParameter): Name = "LatestRevisionDate"; Value = "17-Jul-2002"; VariantName = "[No Variations]"
Add component (AddParameter): Name = "LatestRevisionNote"; Value = "Re-released for DXP Platform."; VariantName = "[No Variations]"
Add component (AddParameter): Name = "PackageDescription"; Value = "DO-214-AB/SMC; 2 C-Bend Leads; Body 7.9 x 5.9 mm, inc. leads (LxW)"; VariantName = "[No Variations]"
Add component (AddParameter): Name = "PackageReference"; Value = "SMC"; VariantName = "[No Variations]"
Add component (AddParameter): Name = "PackageVersion"; Value = "Sep-1996"; VariantName = "[No Variations]"
Add component (AddParameter): Name = "Published"; Value = "8-Jun-2000"; VariantName = "[No Variations]"
Add component (AddParameter): Name = "Publisher"; Value = "Altium Limited"; VariantName = "[No Variations]"
Added Component: Designator=D8(ONLAB_SMA_DO-214AC)
Add component (AddParameter): Name = "Code_JEDEC"; Value = "DO-214-AB"; VariantName = "[No Variations]"
Add component (AddParameter): Name = "LatestRevisionDate"; Value = "17-Jul-2002"; VariantName = "[No Variations]"
Add component (AddParameter): Name = "LatestRevisionNote"; Value = "Re-released for DXP Platform."; VariantName = "[No Variations]"
Add component (AddParameter): Name = "PackageDescription"; Value = "DO-214-AB/SMC; 2 C-Bend Leads; Body 7.9 x 5.9 mm, inc. leads (LxW)"; VariantName = "[No Variations]"
Add component (AddParameter): Name = "PackageReference"; Value = "SMC"; VariantName = "[No Variations]"
Add component (AddParameter): Name = "PackageVersion"; Value = "Sep-1996"; VariantName = "[No Variations]"
Add component (AddParameter): Name = "Published"; Value = "8-Jun-2000"; VariantName = "[No Variations]"
Add component (AddParameter): Name = "Publisher"; Value = "Altium Limited"; VariantName = "[No Variations]"
Added Component: Designator=D9(ONLAB_SMA_DO-214AC)
Add component (AddParameter): Name = "Code_JEDEC"; Value = "DO-214-AB"; VariantName = "[No Variations]"
Add component (AddParameter): Name = "LatestRevisionDate"; Value = "17-Jul-2002"; VariantName = "[No Variations]"
Add component (AddParameter): Name = "LatestRevisionNote"; Value = "Re-released for DXP Platform."; VariantName = "[No Variations]"
Add component (AddParameter): Name = "PackageDescription"; Value = "DO-214-AB/SMC; 2 C-Bend Leads; Body 7.9 x 5.9 mm, inc. leads (LxW)"; VariantName = "[No Variations]"
Add component (AddParameter): Name = "PackageReference"; Value = "SMC"; VariantName = "[No Variations]"
Add component (AddParameter): Name = "PackageVersion"; Value = "Sep-1996"; VariantName = "[No Variations]"
Add component (AddParameter): Name = "Published"; Value = "8-Jun-2000"; VariantName = "[No Variations]"
Add component (AddParameter): Name = "Publisher"; Value = "Altium Limited"; VariantName = "[No Variations]"
Added Component: Designator=D10(ONLAB_SMA_DO-214AC)
Add component (AddParameter): Name = "Code_JEDEC"; Value = "DO-214-AB"; VariantName = "[No Variations]"
Add component (AddParameter): Name = "LatestRevisionDate"; Value = "17-Jul-2002"; VariantName = "[No Variations]"
Add component (AddParameter): Name = "LatestRevisionNote"; Value = "Re-released for DXP Platform."; VariantName = "[No Variations]"
Add component (AddParameter): Name = "PackageDescription"; Value = "DO-214-AB/SMC; 2 C-Bend Leads; Body 7.9 x 5.9 mm, inc. leads (LxW)"; VariantName = "[No Variations]"
Add component (AddParameter): Name = "PackageReference"; Value = "SMC"; VariantName = "[No Variations]"
Add component (AddParameter): Name = "PackageVersion"; Value = "Sep-1996"; VariantName = "[No Variations]"
Add component (AddParameter): Name = "Published"; Value = "8-Jun-2000"; VariantName = "[No Variations]"
Add component (AddParameter): Name = "Publisher"; Value = "Altium Limited"; VariantName = "[No Variations]"
Added Component: Designator=D11(ONLAB_SMA_DO-214AC)
Add component (AddParameter): Name = "Code_JEDEC"; Value = "DO-214-AB"; VariantName = "[No Variations]"
Add component (AddParameter): Name = "LatestRevisionDate"; Value = "17-Jul-2002"; VariantName = "[No Variations]"
Add component (AddParameter): Name = "LatestRevisionNote"; Value = "Re-released for DXP Platform."; VariantName = "[No Variations]"
Add component (AddParameter): Name = "PackageDescription"; Value = "DO-214-AB/SMC; 2 C-Bend Leads; Body 7.9 x 5.9 mm, inc. leads (LxW)"; VariantName = "[No Variations]"
Add component (AddParameter): Name = "PackageReference"; Value = "SMC"; VariantName = "[No Variations]"
Add component (AddParameter): Name = "PackageVersion"; Value = "Sep-1996"; VariantName = "[No Variations]"
Add component (AddParameter): Name = "Published"; Value = "8-Jun-2000"; VariantName = "[No Variations]"
Add component (AddParameter): Name = "Publisher"; Value = "Altium Limited"; VariantName = "[No Variations]"
Added Component: Designator=D12(ONLAB_SMA_DO-214AC)
Add component (AddParameter): Name = "Code_JEDEC"; Value = "DO-214-AB"; VariantName = "[No Variations]"
Add component (AddParameter): Name = "LatestRevisionDate"; Value = "17-Jul-2002"; VariantName = "[No Variations]"
Add component (AddParameter): Name = "LatestRevisionNote"; Value = "Re-released for DXP Platform."; VariantName = "[No Variations]"
Add component (AddParameter): Name = "PackageDescription"; Value = "DO-214-AB/SMC; 2 C-Bend Leads; Body 7.9 x 5.9 mm, inc. leads (LxW)"; VariantName = "[No Variations]"
Add component (AddParameter): Name = "PackageReference"; Value = "SMC"; VariantName = "[No Variations]"
Add component (AddParameter): Name = "PackageVersion"; Value = "Sep-1996"; VariantName = "[No Variations]"
Add component (AddParameter): Name = "Published"; Value = "8-Jun-2000"; VariantName = "[No Variations]"
Add component (AddParameter): Name = "Publisher"; Value = "Altium Limited"; VariantName = "[No Variations]"
Added Component: Designator=D13(ONLAB_SMA_DO-214AC)
Add component (AddParameter): Name = "Code_JEDEC"; Value = "DO-214-AB"; VariantName = "[No Variations]"
Add component (AddParameter): Name = "LatestRevisionDate"; Value = "17-Jul-2002"; VariantName = "[No Variations]"
Add component (AddParameter): Name = "LatestRevisionNote"; Value = "Re-released for DXP Platform."; VariantName = "[No Variations]"
Add component (AddParameter): Name = "PackageDescription"; Value = "DO-214-AB/SMC; 2 C-Bend Leads; Body 7.9 x 5.9 mm, inc. leads (LxW)"; VariantName = "[No Variations]"
Add component (AddParameter): Name = "PackageReference"; Value = "SMC"; VariantName = "[No Variations]"
Add component (AddParameter): Name = "PackageVersion"; Value = "Sep-1996"; VariantName = "[No Variations]"
Add component (AddParameter): Name = "Published"; Value = "8-Jun-2000"; VariantName = "[No Variations]"
Add component (AddParameter): Name = "Publisher"; Value = "Altium Limited"; VariantName = "[No Variations]"
Added Component: Designator=D14(ONLAB_SMA_DO-214AC)
Add component (AddParameter): Name = "Code_JEDEC"; Value = "DO-214-AB"; VariantName = "[No Variations]"
Add component (AddParameter): Name = "LatestRevisionDate"; Value = "17-Jul-2002"; VariantName = "[No Variations]"
Add component (AddParameter): Name = "LatestRevisionNote"; Value = "Re-released for DXP Platform."; VariantName = "[No Variations]"
Add component (AddParameter): Name = "PackageDescription"; Value = "DO-214-AB/SMC; 2 C-Bend Leads; Body 7.9 x 5.9 mm, inc. leads (LxW)"; VariantName = "[No Variations]"
Add component (AddParameter): Name = "PackageReference"; Value = "SMC"; VariantName = "[No Variations]"
Add component (AddParameter): Name = "PackageVersion"; Value = "Sep-1996"; VariantName = "[No Variations]"
Add component (AddParameter): Name = "Published"; Value = "8-Jun-2000"; VariantName = "[No Variations]"
Add component (AddParameter): Name = "Publisher"; Value = "Altium Limited"; VariantName = "[No Variations]"
Added Component: Designator=E1(ONLAB_M24C64-WMN6TP_SO-8_STM)
Added Component: Designator=IOE1(ONLAB_MCP23017-E/SS_SOP65P780X200-28N)
Added Component: Designator=K1(ONLAB_RELAY_ALQ305)
Add component (AddParameter): Name = "LatestRevisionDate"; Value = "17-Jul-2002"; VariantName = "[No Variations]"
Add component (AddParameter): Name = "LatestRevisionNote"; Value = "Re-released for DXP Platform."; VariantName = "[No Variations]"
Add component (AddParameter): Name = "PackageReference"; Value = "MODULE4"; VariantName = "[No Variations]"
Add component (AddParameter): Name = "Published"; Value = "24-Mar-1999"; VariantName = "[No Variations]"
Add component (AddParameter): Name = "Publisher"; Value = "Altium Limited"; VariantName = "[No Variations]"
Added Component: Designator=K2(ONLAB_RELAY_ALQ305)
Add component (AddParameter): Name = "LatestRevisionDate"; Value = "17-Jul-2002"; VariantName = "[No Variations]"
Add component (AddParameter): Name = "LatestRevisionNote"; Value = "Re-released for DXP Platform."; VariantName = "[No Variations]"
Add component (AddParameter): Name = "PackageReference"; Value = "MODULE4"; VariantName = "[No Variations]"
Add component (AddParameter): Name = "Published"; Value = "24-Mar-1999"; VariantName = "[No Variations]"
Add component (AddParameter): Name = "Publisher"; Value = "Altium Limited"; VariantName = "[No Variations]"
Added Component: Designator=K3(ONLAB_RELAY_ALQ305)
Add component (AddParameter): Name = "LatestRevisionDate"; Value = "17-Jul-2002"; VariantName = "[No Variations]"
Add component (AddParameter): Name = "LatestRevisionNote"; Value = "Re-released for DXP Platform."; VariantName = "[No Variations]"
Add component (AddParameter): Name = "PackageReference"; Value = "MODULE4"; VariantName = "[No Variations]"
Add component (AddParameter): Name = "Published"; Value = "24-Mar-1999"; VariantName = "[No Variations]"
Add component (AddParameter): Name = "Publisher"; Value = "Altium Limited"; VariantName = "[No Variations]"
Added Component: Designator=K4(ONLAB_RELAY_ALQ305)
Add component (AddParameter): Name = "LatestRevisionDate"; Value = "17-Jul-2002"; VariantName = "[No Variations]"
Add component (AddParameter): Name = "LatestRevisionNote"; Value = "Re-released for DXP Platform."; VariantName = "[No Variations]"
Add component (AddParameter): Name = "PackageReference"; Value = "MODULE4"; VariantName = "[No Variations]"
Add component (AddParameter): Name = "Published"; Value = "24-Mar-1999"; VariantName = "[No Variations]"
Add component (AddParameter): Name = "Publisher"; Value = "Altium Limited"; VariantName = "[No Variations]"
Added Component: Designator=K5(ONLAB_RELAY_ALQ305)
Add component (AddParameter): Name = "LatestRevisionDate"; Value = "17-Jul-2002"; VariantName = "[No Variations]"
Add component (AddParameter): Name = "LatestRevisionNote"; Value = "Re-released for DXP Platform."; VariantName = "[No Variations]"
Add component (AddParameter): Name = "PackageReference"; Value = "MODULE4"; VariantName = "[No Variations]"
Add component (AddParameter): Name = "Published"; Value = "24-Mar-1999"; VariantName = "[No Variations]"
Add component (AddParameter): Name = "Publisher"; Value = "Altium Limited"; VariantName = "[No Variations]"
Added Component: Designator=K6(ONLAB_RELAY_ALQ305)
Add component (AddParameter): Name = "LatestRevisionDate"; Value = "17-Jul-2002"; VariantName = "[No Variations]"
Add component (AddParameter): Name = "LatestRevisionNote"; Value = "Re-released for DXP Platform."; VariantName = "[No Variations]"
Add component (AddParameter): Name = "PackageReference"; Value = "MODULE4"; VariantName = "[No Variations]"
Add component (AddParameter): Name = "Published"; Value = "24-Mar-1999"; VariantName = "[No Variations]"
Add component (AddParameter): Name = "Publisher"; Value = "Altium Limited"; VariantName = "[No Variations]"
Added Component: Designator=K7(ONLAB_RELAY_ALQ305)
Add component (AddParameter): Name = "LatestRevisionDate"; Value = "17-Jul-2002"; VariantName = "[No Variations]"
Add component (AddParameter): Name = "LatestRevisionNote"; Value = "Re-released for DXP Platform."; VariantName = "[No Variations]"
Add component (AddParameter): Name = "PackageReference"; Value = "MODULE4"; VariantName = "[No Variations]"
Add component (AddParameter): Name = "Published"; Value = "24-Mar-1999"; VariantName = "[No Variations]"
Add component (AddParameter): Name = "Publisher"; Value = "Altium Limited"; VariantName = "[No Variations]"
Added Component: Designator=K8(ONLAB_RELAY_ALQ305)
Add component (AddParameter): Name = "LatestRevisionDate"; Value = "17-Jul-2002"; VariantName = "[No Variations]"
Add component (AddParameter): Name = "LatestRevisionNote"; Value = "Re-released for DXP Platform."; VariantName = "[No Variations]"
Add component (AddParameter): Name = "PackageReference"; Value = "MODULE4"; VariantName = "[No Variations]"
Add component (AddParameter): Name = "Published"; Value = "24-Mar-1999"; VariantName = "[No Variations]"
Add component (AddParameter): Name = "Publisher"; Value = "Altium Limited"; VariantName = "[No Variations]"
Added Component: Designator=OC1(ONLAB_OPTO_TLP290-4)
Added Component: Designator=OC2(ONLAB_OPTO_TLP290-4)
Added Component: Designator=OLED1(ONLAB_OLED_D13-12864-SPI)
Added Component: Designator=P1(ONLAB_RASPBERRY_4)
Added Component: Designator=Q1(ONLAB_2N7002_SOT23127P600-8N)
Add component (AddParameter): Name = "Name"; Value = ""; VariantName = "[No Variations]"
Add component (AddParameter): Name = "Reference"; Value = ""; VariantName = "[No Variations]"
Add component (AddParameter): Name = "Supplier"; Value = ""; VariantName = "[No Variations]"
Added Component: Designator=Q2(ONLAB_2N7002_SOT23127P600-8N)
Add component (AddParameter): Name = "Name"; Value = ""; VariantName = "[No Variations]"
Add component (AddParameter): Name = "Reference"; Value = ""; VariantName = "[No Variations]"
Add component (AddParameter): Name = "Supplier"; Value = ""; VariantName = "[No Variations]"
Added Component: Designator=Q3(ONLAB_2N7002_SOT23127P600-8N)
Add component (AddParameter): Name = "Name"; Value = ""; VariantName = "[No Variations]"
Add component (AddParameter): Name = "Reference"; Value = ""; VariantName = "[No Variations]"
Add component (AddParameter): Name = "Supplier"; Value = ""; VariantName = "[No Variations]"
Added Component: Designator=Q4(ONLAB_2N7002_SOT23127P600-8N)
Add component (AddParameter): Name = "Name"; Value = ""; VariantName = "[No Variations]"
Add component (AddParameter): Name = "Reference"; Value = ""; VariantName = "[No Variations]"
Add component (AddParameter): Name = "Supplier"; Value = ""; VariantName = "[No Variations]"
Added Component: Designator=Q5(ONLAB_2N7002_SOT23127P600-8N)
Add component (AddParameter): Name = "Name"; Value = ""; VariantName = "[No Variations]"
Add component (AddParameter): Name = "Reference"; Value = ""; VariantName = "[No Variations]"
Add component (AddParameter): Name = "Supplier"; Value = ""; VariantName = "[No Variations]"
Added Component: Designator=Q6(ONLAB_2N7002_SOT23127P600-8N)
Add component (AddParameter): Name = "Name"; Value = ""; VariantName = "[No Variations]"
Add component (AddParameter): Name = "Reference"; Value = ""; VariantName = "[No Variations]"
Add component (AddParameter): Name = "Supplier"; Value = ""; VariantName = "[No Variations]"
Added Component: Designator=Q7(ONLAB_2N7002_SOT23127P600-8N)
Add component (AddParameter): Name = "Name"; Value = ""; VariantName = "[No Variations]"
Add component (AddParameter): Name = "Reference"; Value = ""; VariantName = "[No Variations]"
Add component (AddParameter): Name = "Supplier"; Value = ""; VariantName = "[No Variations]"
Added Component: Designator=Q8(ONLAB_2N7002_SOT23127P600-8N)
Add component (AddParameter): Name = "Name"; Value = ""; VariantName = "[No Variations]"
Add component (AddParameter): Name = "Reference"; Value = ""; VariantName = "[No Variations]"
Add component (AddParameter): Name = "Supplier"; Value = ""; VariantName = "[No Variations]"
Added Component: Designator=R1(FP_0805_RES)
Add component (AddParameter): Name = "Name"; Value = ""; VariantName = "[No Variations]"
Add component (AddParameter): Name = "Power"; Value = ""; VariantName = "[No Variations]"
Add component (AddParameter): Name = "Reference"; Value = ""; VariantName = "[No Variations]"
Add component (AddParameter): Name = "Supplier"; Value = ""; VariantName = "[No Variations]"
Add component (AddParameter): Name = "Tolerance"; Value = ""; VariantName = "[No Variations]"
Add component (AddParameter): Name = "Value"; Value = "91R0"; VariantName = "[No Variations]"
Added Component: Designator=R2(FP_0805_RES)
Add component (AddParameter): Name = "Name"; Value = ""; VariantName = "[No Variations]"
Add component (AddParameter): Name = "Power"; Value = ""; VariantName = "[No Variations]"
Add component (AddParameter): Name = "Reference"; Value = ""; VariantName = "[No Variations]"
Add component (AddParameter): Name = "Supplier"; Value = ""; VariantName = "[No Variations]"
Add component (AddParameter): Name = "Tolerance"; Value = ""; VariantName = "[No Variations]"
Add component (AddParameter): Name = "Value"; Value = "160R"; VariantName = "[No Variations]"
Added Component: Designator=R3(FP_0805_RES)
Add component (AddParameter): Name = "Name"; Value = ""; VariantName = "[No Variations]"
Add component (AddParameter): Name = "Power"; Value = ""; VariantName = "[No Variations]"
Add component (AddParameter): Name = "Reference"; Value = ""; VariantName = "[No Variations]"
Add component (AddParameter): Name = "Supplier"; Value = ""; VariantName = "[No Variations]"
Add component (AddParameter): Name = "Tolerance"; Value = ""; VariantName = "[No Variations]"
Add component (AddParameter): Name = "Value"; Value = "4K70"; VariantName = "[No Variations]"
Added Component: Designator=R4(FP_0805_RES)
Add component (AddParameter): Name = "Name"; Value = ""; VariantName = "[No Variations]"
Add component (AddParameter): Name = "Power"; Value = ""; VariantName = "[No Variations]"
Add component (AddParameter): Name = "Reference"; Value = ""; VariantName = "[No Variations]"
Add component (AddParameter): Name = "Supplier"; Value = ""; VariantName = "[No Variations]"
Add component (AddParameter): Name = "Tolerance"; Value = ""; VariantName = "[No Variations]"
Add component (AddParameter): Name = "Value"; Value = "4K70"; VariantName = "[No Variations]"
Added Component: Designator=R5(FP_0805_RES)
Add component (AddParameter): Name = "Name"; Value = ""; VariantName = "[No Variations]"
Add component (AddParameter): Name = "Power"; Value = ""; VariantName = "[No Variations]"
Add component (AddParameter): Name = "Reference"; Value = ""; VariantName = "[No Variations]"
Add component (AddParameter): Name = "Supplier"; Value = ""; VariantName = "[No Variations]"
Add component (AddParameter): Name = "Tolerance"; Value = ""; VariantName = "[No Variations]"
Add component (AddParameter): Name = "Value"; Value = "4K70"; VariantName = "[No Variations]"
Added Component: Designator=R6(FP_0805_RES)
Add component (AddParameter): Name = "Name"; Value = ""; VariantName = "[No Variations]"
Add component (AddParameter): Name = "Power"; Value = ""; VariantName = "[No Variations]"
Add component (AddParameter): Name = "Reference"; Value = ""; VariantName = "[No Variations]"
Add component (AddParameter): Name = "Supplier"; Value = ""; VariantName = "[No Variations]"
Add component (AddParameter): Name = "Tolerance"; Value = ""; VariantName = "[No Variations]"
Add component (AddParameter): Name = "Value"; Value = "4K70"; VariantName = "[No Variations]"
Added Component: Designator=R7(FP_0805_RES)
Add component (AddParameter): Name = "Name"; Value = ""; VariantName = "[No Variations]"
Add component (AddParameter): Name = "Power"; Value = ""; VariantName = "[No Variations]"
Add component (AddParameter): Name = "Reference"; Value = ""; VariantName = "[No Variations]"
Add component (AddParameter): Name = "Supplier"; Value = ""; VariantName = "[No Variations]"
Add component (AddParameter): Name = "Tolerance"; Value = ""; VariantName = "[No Variations]"
Add component (AddParameter): Name = "Value"; Value = "4K70"; VariantName = "[No Variations]"
Added Component: Designator=R8(FP_0805_RES)
Add component (AddParameter): Name = "Name"; Value = ""; VariantName = "[No Variations]"
Add component (AddParameter): Name = "Power"; Value = ""; VariantName = "[No Variations]"
Add component (AddParameter): Name = "Reference"; Value = ""; VariantName = "[No Variations]"
Add component (AddParameter): Name = "Supplier"; Value = ""; VariantName = "[No Variations]"
Add component (AddParameter): Name = "Tolerance"; Value = ""; VariantName = "[No Variations]"
Add component (AddParameter): Name = "Value"; Value = "10K"; VariantName = "[No Variations]"
Added Component: Designator=R9(FP_0805_RES)
Add component (AddParameter): Name = "Name"; Value = ""; VariantName = "[No Variations]"
Add component (AddParameter): Name = "Power"; Value = ""; VariantName = "[No Variations]"
Add component (AddParameter): Name = "Reference"; Value = ""; VariantName = "[No Variations]"
Add component (AddParameter): Name = "Supplier"; Value = ""; VariantName = "[No Variations]"
Add component (AddParameter): Name = "Tolerance"; Value = ""; VariantName = "[No Variations]"
Add component (AddParameter): Name = "Value"; Value = "10K"; VariantName = "[No Variations]"
Added Component: Designator=R10(FP_0805_RES)
Add component (AddParameter): Name = "Name"; Value = ""; VariantName = "[No Variations]"
Add component (AddParameter): Name = "Power"; Value = ""; VariantName = "[No Variations]"
Add component (AddParameter): Name = "Reference"; Value = ""; VariantName = "[No Variations]"
Add component (AddParameter): Name = "Supplier"; Value = ""; VariantName = "[No Variations]"
Add component (AddParameter): Name = "Tolerance"; Value = ""; VariantName = "[No Variations]"
Add component (AddParameter): Name = "Value"; Value = "10K"; VariantName = "[No Variations]"
Added Component: Designator=R11(FP_0805_RES)
Add component (AddParameter): Name = "Name"; Value = ""; VariantName = "[No Variations]"
Add component (AddParameter): Name = "Power"; Value = ""; VariantName = "[No Variations]"
Add component (AddParameter): Name = "Reference"; Value = ""; VariantName = "[No Variations]"
Add component (AddParameter): Name = "Supplier"; Value = ""; VariantName = "[No Variations]"
Add component (AddParameter): Name = "Tolerance"; Value = ""; VariantName = "[No Variations]"
Add component (AddParameter): Name = "Value"; Value = "10K"; VariantName = "[No Variations]"
Added Component: Designator=R12(FP_0805_RES)
Add component (AddParameter): Name = "Name"; Value = ""; VariantName = "[No Variations]"
Add component (AddParameter): Name = "Power"; Value = ""; VariantName = "[No Variations]"
Add component (AddParameter): Name = "Reference"; Value = ""; VariantName = "[No Variations]"
Add component (AddParameter): Name = "Supplier"; Value = ""; VariantName = "[No Variations]"
Add component (AddParameter): Name = "Tolerance"; Value = ""; VariantName = "[No Variations]"
Add component (AddParameter): Name = "Value"; Value = "10K"; VariantName = "[No Variations]"
Added Component: Designator=R13(FP_0805_RES)
Add component (AddParameter): Name = "Name"; Value = ""; VariantName = "[No Variations]"
Add component (AddParameter): Name = "Power"; Value = ""; VariantName = "[No Variations]"
Add component (AddParameter): Name = "Reference"; Value = ""; VariantName = "[No Variations]"
Add component (AddParameter): Name = "Supplier"; Value = ""; VariantName = "[No Variations]"
Add component (AddParameter): Name = "Tolerance"; Value = ""; VariantName = "[No Variations]"
Add component (AddParameter): Name = "Value"; Value = "91R0"; VariantName = "[No Variations]"
Added Component: Designator=R14(FP_0805_RES)
Add component (AddParameter): Name = "Name"; Value = ""; VariantName = "[No Variations]"
Add component (AddParameter): Name = "Power"; Value = ""; VariantName = "[No Variations]"
Add component (AddParameter): Name = "Reference"; Value = ""; VariantName = "[No Variations]"
Add component (AddParameter): Name = "Supplier"; Value = ""; VariantName = "[No Variations]"
Add component (AddParameter): Name = "Tolerance"; Value = ""; VariantName = "[No Variations]"
Add component (AddParameter): Name = "Value"; Value = "91R0"; VariantName = "[No Variations]"
Added Component: Designator=R15(FP_0805_RES)
Add component (AddParameter): Name = "Name"; Value = ""; VariantName = "[No Variations]"
Add component (AddParameter): Name = "Power"; Value = ""; VariantName = "[No Variations]"
Add component (AddParameter): Name = "Reference"; Value = ""; VariantName = "[No Variations]"
Add component (AddParameter): Name = "Supplier"; Value = ""; VariantName = "[No Variations]"
Add component (AddParameter): Name = "Tolerance"; Value = ""; VariantName = "[No Variations]"
Add component (AddParameter): Name = "Value"; Value = "91R0"; VariantName = "[No Variations]"
Added Component: Designator=R16(FP_0805_RES)
Add component (AddParameter): Name = "Name"; Value = ""; VariantName = "[No Variations]"
Add component (AddParameter): Name = "Power"; Value = ""; VariantName = "[No Variations]"
Add component (AddParameter): Name = "Reference"; Value = ""; VariantName = "[No Variations]"
Add component (AddParameter): Name = "Supplier"; Value = ""; VariantName = "[No Variations]"
Add component (AddParameter): Name = "Tolerance"; Value = ""; VariantName = "[No Variations]"
Add component (AddParameter): Name = "Value"; Value = "91R0"; VariantName = "[No Variations]"
Added Component: Designator=R17(FP_0805_RES)
Add component (AddParameter): Name = "Name"; Value = ""; VariantName = "[No Variations]"
Add component (AddParameter): Name = "Power"; Value = ""; VariantName = "[No Variations]"
Add component (AddParameter): Name = "Reference"; Value = ""; VariantName = "[No Variations]"
Add component (AddParameter): Name = "Supplier"; Value = ""; VariantName = "[No Variations]"
Add component (AddParameter): Name = "Tolerance"; Value = ""; VariantName = "[No Variations]"
Add component (AddParameter): Name = "Value"; Value = "130R"; VariantName = "[No Variations]"
Added Component: Designator=R18(FP_0805_RES)
Add component (AddParameter): Name = "Name"; Value = ""; VariantName = "[No Variations]"
Add component (AddParameter): Name = "Power"; Value = ""; VariantName = "[No Variations]"
Add component (AddParameter): Name = "Reference"; Value = ""; VariantName = "[No Variations]"
Add component (AddParameter): Name = "Supplier"; Value = ""; VariantName = "[No Variations]"
Add component (AddParameter): Name = "Tolerance"; Value = ""; VariantName = "[No Variations]"
Add component (AddParameter): Name = "Value"; Value = "130R"; VariantName = "[No Variations]"
Added Component: Designator=R19(FP_0805_RES)
Add component (AddParameter): Name = "Name"; Value = ""; VariantName = "[No Variations]"
Add component (AddParameter): Name = "Power"; Value = ""; VariantName = "[No Variations]"
Add component (AddParameter): Name = "Reference"; Value = ""; VariantName = "[No Variations]"
Add component (AddParameter): Name = "Supplier"; Value = ""; VariantName = "[No Variations]"
Add component (AddParameter): Name = "Tolerance"; Value = ""; VariantName = "[No Variations]"
Add component (AddParameter): Name = "Value"; Value = "130R"; VariantName = "[No Variations]"
Added Component: Designator=R20(FP_0805_RES)
Add component (AddParameter): Name = "Name"; Value = ""; VariantName = "[No Variations]"
Add component (AddParameter): Name = "Power"; Value = ""; VariantName = "[No Variations]"
Add component (AddParameter): Name = "Reference"; Value = ""; VariantName = "[No Variations]"
Add component (AddParameter): Name = "Supplier"; Value = ""; VariantName = "[No Variations]"
Add component (AddParameter): Name = "Tolerance"; Value = ""; VariantName = "[No Variations]"
Add component (AddParameter): Name = "Value"; Value = "130R"; VariantName = "[No Variations]"
Added Component: Designator=R21(FP_0805_RES)
Add component (AddParameter): Name = "Name"; Value = ""; VariantName = "[No Variations]"
Add component (AddParameter): Name = "Power"; Value = ""; VariantName = "[No Variations]"
Add component (AddParameter): Name = "Reference"; Value = ""; VariantName = "[No Variations]"
Add component (AddParameter): Name = "Supplier"; Value = ""; VariantName = "[No Variations]"
Add component (AddParameter): Name = "Tolerance"; Value = ""; VariantName = "[No Variations]"
Add component (AddParameter): Name = "Value"; Value = "130R"; VariantName = "[No Variations]"
Added Component: Designator=R22(FP_0805_RES)
Add component (AddParameter): Name = "Name"; Value = ""; VariantName = "[No Variations]"
Add component (AddParameter): Name = "Power"; Value = ""; VariantName = "[No Variations]"
Add component (AddParameter): Name = "Reference"; Value = ""; VariantName = "[No Variations]"
Add component (AddParameter): Name = "Supplier"; Value = ""; VariantName = "[No Variations]"
Add component (AddParameter): Name = "Tolerance"; Value = ""; VariantName = "[No Variations]"
Add component (AddParameter): Name = "Value"; Value = "130R"; VariantName = "[No Variations]"
Added Component: Designator=R23(FP_0805_RES)
Add component (AddParameter): Name = "Name"; Value = ""; VariantName = "[No Variations]"
Add component (AddParameter): Name = "Power"; Value = ""; VariantName = "[No Variations]"
Add component (AddParameter): Name = "Reference"; Value = ""; VariantName = "[No Variations]"
Add component (AddParameter): Name = "Supplier"; Value = ""; VariantName = "[No Variations]"
Add component (AddParameter): Name = "Tolerance"; Value = ""; VariantName = "[No Variations]"
Add component (AddParameter): Name = "Value"; Value = "130R"; VariantName = "[No Variations]"
Added Component: Designator=R24(FP_0805_RES)
Add component (AddParameter): Name = "Name"; Value = ""; VariantName = "[No Variations]"
Add component (AddParameter): Name = "Power"; Value = ""; VariantName = "[No Variations]"
Add component (AddParameter): Name = "Reference"; Value = ""; VariantName = "[No Variations]"
Add component (AddParameter): Name = "Supplier"; Value = ""; VariantName = "[No Variations]"
Add component (AddParameter): Name = "Tolerance"; Value = ""; VariantName = "[No Variations]"
Add component (AddParameter): Name = "Value"; Value = "130R"; VariantName = "[No Variations]"
Added Component: Designator=R25(FP_0805_RES)
Add component (AddParameter): Name = "Name"; Value = ""; VariantName = "[No Variations]"
Add component (AddParameter): Name = "Power"; Value = ""; VariantName = "[No Variations]"
Add component (AddParameter): Name = "Reference"; Value = ""; VariantName = "[No Variations]"
Add component (AddParameter): Name = "Supplier"; Value = ""; VariantName = "[No Variations]"
Add component (AddParameter): Name = "Tolerance"; Value = ""; VariantName = "[No Variations]"
Add component (AddParameter): Name = "Value"; Value = "10K"; VariantName = "[No Variations]"
Added Component: Designator=R26(FP_0805_RES)
Add component (AddParameter): Name = "Name"; Value = ""; VariantName = "[No Variations]"
Add component (AddParameter): Name = "Power"; Value = ""; VariantName = "[No Variations]"
Add component (AddParameter): Name = "Reference"; Value = ""; VariantName = "[No Variations]"
Add component (AddParameter): Name = "Supplier"; Value = ""; VariantName = "[No Variations]"
Add component (AddParameter): Name = "Tolerance"; Value = ""; VariantName = "[No Variations]"
Add component (AddParameter): Name = "Value"; Value = "10K"; VariantName = "[No Variations]"
Added Component: Designator=R27(FP_0805_RES)
Add component (AddParameter): Name = "Name"; Value = ""; VariantName = "[No Variations]"
Add component (AddParameter): Name = "Power"; Value = ""; VariantName = "[No Variations]"
Add component (AddParameter): Name = "Reference"; Value = ""; VariantName = "[No Variations]"
Add component (AddParameter): Name = "Supplier"; Value = ""; VariantName = "[No Variations]"
Add component (AddParameter): Name = "Tolerance"; Value = ""; VariantName = "[No Variations]"
Add component (AddParameter): Name = "Value"; Value = "10K"; VariantName = "[No Variations]"
Added Component: Designator=R28(FP_0805_RES)
Add component (AddParameter): Name = "Name"; Value = ""; VariantName = "[No Variations]"
Add component (AddParameter): Name = "Power"; Value = ""; VariantName = "[No Variations]"
Add component (AddParameter): Name = "Reference"; Value = ""; VariantName = "[No Variations]"
Add component (AddParameter): Name = "Supplier"; Value = ""; VariantName = "[No Variations]"
Add component (AddParameter): Name = "Tolerance"; Value = ""; VariantName = "[No Variations]"
Add component (AddParameter): Name = "Value"; Value = "10K"; VariantName = "[No Variations]"
Added Component: Designator=R29(FP_0805_RES)
Add component (AddParameter): Name = "Name"; Value = ""; VariantName = "[No Variations]"
Add component (AddParameter): Name = "Power"; Value = ""; VariantName = "[No Variations]"
Add component (AddParameter): Name = "Reference"; Value = ""; VariantName = "[No Variations]"
Add component (AddParameter): Name = "Supplier"; Value = ""; VariantName = "[No Variations]"
Add component (AddParameter): Name = "Tolerance"; Value = ""; VariantName = "[No Variations]"
Add component (AddParameter): Name = "Value"; Value = "10K"; VariantName = "[No Variations]"
Added Component: Designator=R30(FP_0805_RES)
Add component (AddParameter): Name = "Name"; Value = ""; VariantName = "[No Variations]"
Add component (AddParameter): Name = "Power"; Value = ""; VariantName = "[No Variations]"
Add component (AddParameter): Name = "Reference"; Value = ""; VariantName = "[No Variations]"
Add component (AddParameter): Name = "Supplier"; Value = ""; VariantName = "[No Variations]"
Add component (AddParameter): Name = "Tolerance"; Value = ""; VariantName = "[No Variations]"
Add component (AddParameter): Name = "Value"; Value = "10K"; VariantName = "[No Variations]"
Added Component: Designator=R31(FP_0805_RES)
Add component (AddParameter): Name = "Name"; Value = ""; VariantName = "[No Variations]"
Add component (AddParameter): Name = "Power"; Value = ""; VariantName = "[No Variations]"
Add component (AddParameter): Name = "Reference"; Value = ""; VariantName = "[No Variations]"
Add component (AddParameter): Name = "Supplier"; Value = ""; VariantName = "[No Variations]"
Add component (AddParameter): Name = "Tolerance"; Value = ""; VariantName = "[No Variations]"
Add component (AddParameter): Name = "Value"; Value = "10K"; VariantName = "[No Variations]"
Added Component: Designator=R32(FP_0805_RES)
Add component (AddParameter): Name = "Name"; Value = ""; VariantName = "[No Variations]"
Add component (AddParameter): Name = "Power"; Value = ""; VariantName = "[No Variations]"
Add component (AddParameter): Name = "Reference"; Value = ""; VariantName = "[No Variations]"
Add component (AddParameter): Name = "Supplier"; Value = ""; VariantName = "[No Variations]"
Add component (AddParameter): Name = "Tolerance"; Value = ""; VariantName = "[No Variations]"
Add component (AddParameter): Name = "Value"; Value = "10K"; VariantName = "[No Variations]"
Added Component: Designator=R33(FP_0805_RES)
Add component (AddParameter): Name = "Name"; Value = ""; VariantName = "[No Variations]"
Add component (AddParameter): Name = "Power"; Value = ""; VariantName = "[No Variations]"
Add component (AddParameter): Name = "Reference"; Value = ""; VariantName = "[No Variations]"
Add component (AddParameter): Name = "Supplier"; Value = ""; VariantName = "[No Variations]"
Add component (AddParameter): Name = "Tolerance"; Value = ""; VariantName = "[No Variations]"
Add component (AddParameter): Name = "Value"; Value = "130R"; VariantName = "[No Variations]"
Added Component: Designator=R34(FP_0805_RES)
Add component (AddParameter): Name = "Name"; Value = ""; VariantName = "[No Variations]"
Add component (AddParameter): Name = "Power"; Value = ""; VariantName = "[No Variations]"
Add component (AddParameter): Name = "Reference"; Value = ""; VariantName = "[No Variations]"
Add component (AddParameter): Name = "Supplier"; Value = ""; VariantName = "[No Variations]"
Add component (AddParameter): Name = "Tolerance"; Value = ""; VariantName = "[No Variations]"
Add component (AddParameter): Name = "Value"; Value = "130R"; VariantName = "[No Variations]"
Added Component: Designator=R35(FP_0805_RES)
Add component (AddParameter): Name = "Name"; Value = ""; VariantName = "[No Variations]"
Add component (AddParameter): Name = "Power"; Value = ""; VariantName = "[No Variations]"
Add component (AddParameter): Name = "Reference"; Value = ""; VariantName = "[No Variations]"
Add component (AddParameter): Name = "Supplier"; Value = ""; VariantName = "[No Variations]"
Add component (AddParameter): Name = "Tolerance"; Value = ""; VariantName = "[No Variations]"
Add component (AddParameter): Name = "Value"; Value = "130R"; VariantName = "[No Variations]"
Added Component: Designator=R36(FP_0805_RES)
Add component (AddParameter): Name = "Name"; Value = ""; VariantName = "[No Variations]"
Add component (AddParameter): Name = "Power"; Value = ""; VariantName = "[No Variations]"
Add component (AddParameter): Name = "Reference"; Value = ""; VariantName = "[No Variations]"
Add component (AddParameter): Name = "Supplier"; Value = ""; VariantName = "[No Variations]"
Add component (AddParameter): Name = "Tolerance"; Value = ""; VariantName = "[No Variations]"
Add component (AddParameter): Name = "Value"; Value = "130R"; VariantName = "[No Variations]"
Added Component: Designator=R37(FP_0805_RES)
Add component (AddParameter): Name = "Name"; Value = ""; VariantName = "[No Variations]"
Add component (AddParameter): Name = "Power"; Value = ""; VariantName = "[No Variations]"
Add component (AddParameter): Name = "Reference"; Value = ""; VariantName = "[No Variations]"
Add component (AddParameter): Name = "Supplier"; Value = ""; VariantName = "[No Variations]"
Add component (AddParameter): Name = "Tolerance"; Value = ""; VariantName = "[No Variations]"
Add component (AddParameter): Name = "Value"; Value = "10K"; VariantName = "[No Variations]"
Added Component: Designator=R38(FP_0805_RES)
Add component (AddParameter): Name = "Name"; Value = ""; VariantName = "[No Variations]"
Add component (AddParameter): Name = "Power"; Value = ""; VariantName = "[No Variations]"
Add component (AddParameter): Name = "Reference"; Value = ""; VariantName = "[No Variations]"
Add component (AddParameter): Name = "Supplier"; Value = ""; VariantName = "[No Variations]"
Add component (AddParameter): Name = "Tolerance"; Value = ""; VariantName = "[No Variations]"
Add component (AddParameter): Name = "Value"; Value = "10K"; VariantName = "[No Variations]"
Added Component: Designator=R39(FP_0805_RES)
Add component (AddParameter): Name = "Name"; Value = ""; VariantName = "[No Variations]"
Add component (AddParameter): Name = "Power"; Value = ""; VariantName = "[No Variations]"
Add component (AddParameter): Name = "Reference"; Value = ""; VariantName = "[No Variations]"
Add component (AddParameter): Name = "Supplier"; Value = ""; VariantName = "[No Variations]"
Add component (AddParameter): Name = "Tolerance"; Value = ""; VariantName = "[No Variations]"
Add component (AddParameter): Name = "Value"; Value = "10K"; VariantName = "[No Variations]"
Added Component: Designator=R40(FP_0805_RES)
Add component (AddParameter): Name = "Name"; Value = ""; VariantName = "[No Variations]"
Add component (AddParameter): Name = "Power"; Value = ""; VariantName = "[No Variations]"
Add component (AddParameter): Name = "Reference"; Value = ""; VariantName = "[No Variations]"
Add component (AddParameter): Name = "Supplier"; Value = ""; VariantName = "[No Variations]"
Add component (AddParameter): Name = "Tolerance"; Value = ""; VariantName = "[No Variations]"
Add component (AddParameter): Name = "Value"; Value = "10K"; VariantName = "[No Variations]"
Added Component: Designator=R41(FP_0805_RES)
Add component (AddParameter): Name = "Name"; Value = ""; VariantName = "[No Variations]"
Add component (AddParameter): Name = "Power"; Value = ""; VariantName = "[No Variations]"
Add component (AddParameter): Name = "Reference"; Value = ""; VariantName = "[No Variations]"
Add component (AddParameter): Name = "Supplier"; Value = ""; VariantName = "[No Variations]"
Add component (AddParameter): Name = "Tolerance"; Value = ""; VariantName = "[No Variations]"
Add component (AddParameter): Name = "Value"; Value = "130R"; VariantName = "[No Variations]"
Added Component: Designator=R42(FP_0805_RES)
Add component (AddParameter): Name = "Name"; Value = ""; VariantName = "[No Variations]"
Add component (AddParameter): Name = "Power"; Value = ""; VariantName = "[No Variations]"
Add component (AddParameter): Name = "Reference"; Value = ""; VariantName = "[No Variations]"
Add component (AddParameter): Name = "Supplier"; Value = ""; VariantName = "[No Variations]"
Add component (AddParameter): Name = "Tolerance"; Value = ""; VariantName = "[No Variations]"
Add component (AddParameter): Name = "Value"; Value = "130R"; VariantName = "[No Variations]"
Added Component: Designator=R43(FP_0805_RES)
Add component (AddParameter): Name = "Name"; Value = ""; VariantName = "[No Variations]"
Add component (AddParameter): Name = "Power"; Value = ""; VariantName = "[No Variations]"
Add component (AddParameter): Name = "Reference"; Value = ""; VariantName = "[No Variations]"
Add component (AddParameter): Name = "Supplier"; Value = ""; VariantName = "[No Variations]"
Add component (AddParameter): Name = "Tolerance"; Value = ""; VariantName = "[No Variations]"
Add component (AddParameter): Name = "Value"; Value = "130R"; VariantName = "[No Variations]"
Added Component: Designator=R44(FP_0805_RES)
Add component (AddParameter): Name = "Name"; Value = ""; VariantName = "[No Variations]"
Add component (AddParameter): Name = "Power"; Value = ""; VariantName = "[No Variations]"
Add component (AddParameter): Name = "Reference"; Value = ""; VariantName = "[No Variations]"
Add component (AddParameter): Name = "Supplier"; Value = ""; VariantName = "[No Variations]"
Add component (AddParameter): Name = "Tolerance"; Value = ""; VariantName = "[No Variations]"
Add component (AddParameter): Name = "Value"; Value = "130R"; VariantName = "[No Variations]"
Added Component: Designator=R45(FP_0805_RES)
Add component (AddParameter): Name = "Name"; Value = ""; VariantName = "[No Variations]"
Add component (AddParameter): Name = "Power"; Value = ""; VariantName = "[No Variations]"
Add component (AddParameter): Name = "Reference"; Value = ""; VariantName = "[No Variations]"
Add component (AddParameter): Name = "Supplier"; Value = ""; VariantName = "[No Variations]"
Add component (AddParameter): Name = "Tolerance"; Value = ""; VariantName = "[No Variations]"
Add component (AddParameter): Name = "Value"; Value = "10K"; VariantName = "[No Variations]"
Added Component: Designator=R46(FP_0805_RES)
Add component (AddParameter): Name = "Name"; Value = ""; VariantName = "[No Variations]"
Add component (AddParameter): Name = "Power"; Value = ""; VariantName = "[No Variations]"
Add component (AddParameter): Name = "Reference"; Value = ""; VariantName = "[No Variations]"
Add component (AddParameter): Name = "Supplier"; Value = ""; VariantName = "[No Variations]"
Add component (AddParameter): Name = "Tolerance"; Value = ""; VariantName = "[No Variations]"
Add component (AddParameter): Name = "Value"; Value = "10K"; VariantName = "[No Variations]"
Added Component: Designator=R47(FP_0805_RES)
Add component (AddParameter): Name = "Name"; Value = ""; VariantName = "[No Variations]"
Add component (AddParameter): Name = "Power"; Value = ""; VariantName = "[No Variations]"
Add component (AddParameter): Name = "Reference"; Value = ""; VariantName = "[No Variations]"
Add component (AddParameter): Name = "Supplier"; Value = ""; VariantName = "[No Variations]"
Add component (AddParameter): Name = "Tolerance"; Value = ""; VariantName = "[No Variations]"
Add component (AddParameter): Name = "Value"; Value = "10K"; VariantName = "[No Variations]"
Added Component: Designator=R48(FP_0805_RES)
Add component (AddParameter): Name = "Name"; Value = ""; VariantName = "[No Variations]"
Add component (AddParameter): Name = "Power"; Value = ""; VariantName = "[No Variations]"
Add component (AddParameter): Name = "Reference"; Value = ""; VariantName = "[No Variations]"
Add component (AddParameter): Name = "Supplier"; Value = ""; VariantName = "[No Variations]"
Add component (AddParameter): Name = "Tolerance"; Value = ""; VariantName = "[No Variations]"
Add component (AddParameter): Name = "Value"; Value = "10K"; VariantName = "[No Variations]"
Added Component: Designator=RTC1(ONLAB_PCF8523TS/1,118_TSSOP-14)
Added Component: Designator=TVS1(DIOMELF3515M)
Add component (AddParameter): Name = "Name"; Value = ""; VariantName = "[No Variations]"
Add component (AddParameter): Name = "Reference"; Value = ""; VariantName = "[No Variations]"
Add component (AddParameter): Name = "Supplier"; Value = ""; VariantName = "[No Variations]"
Add component (AddParameter): Name = "U_Z"; Value = "6.4V"; VariantName = "[No Variations]"
Added Component: Designator=TVS2(DIOMELF3515M)
Add component (AddParameter): Name = "Name"; Value = ""; VariantName = "[No Variations]"
Add component (AddParameter): Name = "Reference"; Value = ""; VariantName = "[No Variations]"
Add component (AddParameter): Name = "Supplier"; Value = ""; VariantName = "[No Variations]"
Add component (AddParameter): Name = "U_Z"; Value = "6.4V"; VariantName = "[No Variations]"
Added Component: Designator=TVS3(DIOMELF3515M)
Add component (AddParameter): Name = "Name"; Value = ""; VariantName = "[No Variations]"
Add component (AddParameter): Name = "Reference"; Value = ""; VariantName = "[No Variations]"
Add component (AddParameter): Name = "Supplier"; Value = ""; VariantName = "[No Variations]"
Add component (AddParameter): Name = "U_Z"; Value = "6.4V"; VariantName = "[No Variations]"
Added Component: Designator=TVS4(DIOMELF3515M)
Add component (AddParameter): Name = "Name"; Value = ""; VariantName = "[No Variations]"
Add component (AddParameter): Name = "Reference"; Value = ""; VariantName = "[No Variations]"
Add component (AddParameter): Name = "Supplier"; Value = ""; VariantName = "[No Variations]"
Add component (AddParameter): Name = "U_Z"; Value = "6.4V"; VariantName = "[No Variations]"
Added Component: Designator=TVS5(DIOMELF3515M)
Add component (AddParameter): Name = "Name"; Value = ""; VariantName = "[No Variations]"
Add component (AddParameter): Name = "Reference"; Value = ""; VariantName = "[No Variations]"
Add component (AddParameter): Name = "Supplier"; Value = ""; VariantName = "[No Variations]"
Add component (AddParameter): Name = "U_Z"; Value = "6.4V"; VariantName = "[No Variations]"
Added Component: Designator=TVS6(DIOMELF3515M)
Add component (AddParameter): Name = "Name"; Value = ""; VariantName = "[No Variations]"
Add component (AddParameter): Name = "Reference"; Value = ""; VariantName = "[No Variations]"
Add component (AddParameter): Name = "Supplier"; Value = ""; VariantName = "[No Variations]"
Add component (AddParameter): Name = "U_Z"; Value = "6.4V"; VariantName = "[No Variations]"
Added Component: Designator=TVS7(DIOMELF3515M)
Add component (AddParameter): Name = "Name"; Value = ""; VariantName = "[No Variations]"
Add component (AddParameter): Name = "Reference"; Value = ""; VariantName = "[No Variations]"
Add component (AddParameter): Name = "Supplier"; Value = ""; VariantName = "[No Variations]"
Add component (AddParameter): Name = "U_Z"; Value = "6.4V"; VariantName = "[No Variations]"
Added Component: Designator=TVS8(DIOMELF3515M)
Add component (AddParameter): Name = "Name"; Value = ""; VariantName = "[No Variations]"
Add component (AddParameter): Name = "Reference"; Value = ""; VariantName = "[No Variations]"
Add component (AddParameter): Name = "Supplier"; Value = ""; VariantName = "[No Variations]"
Add component (AddParameter): Name = "U_Z"; Value = "6.4V"; VariantName = "[No Variations]"
Added Component: Designator=X1(ONLAB_XTAL_LFXTAL050789_IQD)
Add component (AddParameter): Name = "Name"; Value = ""; VariantName = "[No Variations]"
Add component (AddParameter): Name = "Reference"; Value = ""; VariantName = "[No Variations]"
Add component (AddParameter): Name = "Supplier"; Value = ""; VariantName = "[No Variations]"
Add component (AddParameter): Name = "Value"; Value = "32.768 kHz"; VariantName = "[No Variations]"
Added Pin To Net: NetName=3V3 Pin=B1-3
Added Pin To Net: NetName=3V3 Pin=B2-3
Added Pin To Net: NetName=3V3 Pin=B3-3
Added Pin To Net: NetName=3V3 Pin=B4-3
Added Pin To Net: NetName=3V3 Pin=B5-3
Added Pin To Net: NetName=3V3 Pin=C1-2
Added Pin To Net: NetName=3V3 Pin=C7-1
Added Pin To Net: NetName=3V3 Pin=C8-2
Added Pin To Net: NetName=3V3 Pin=C9-1
Added Pin To Net: NetName=3V3 Pin=E1-8
Added Pin To Net: NetName=3V3 Pin=IOE1-9
Added Pin To Net: NetName=3V3 Pin=OC1-10
Added Pin To Net: NetName=3V3 Pin=OC1-12
Added Pin To Net: NetName=3V3 Pin=OC1-14
Added Pin To Net: NetName=3V3 Pin=OC1-16
Added Pin To Net: NetName=3V3 Pin=OC2-10
Added Pin To Net: NetName=3V3 Pin=OC2-12
Added Pin To Net: NetName=3V3 Pin=OC2-14
Added Pin To Net: NetName=3V3 Pin=OC2-16
Added Pin To Net: NetName=3V3 Pin=OLED1-2
Added Pin To Net: NetName=3V3 Pin=P1-1
Added Pin To Net: NetName=3V3 Pin=P1-17
Added Pin To Net: NetName=3V3 Pin=R1-2
Added Pin To Net: NetName=3V3 Pin=RTC1-14
Added Net: Name=3V3
Added Pin To Net: NetName=5V Pin=P1-2
Added Pin To Net: NetName=5V Pin=P1-4
Added Pin To Net: NetName=5V Pin=R2-1
Added Net: Name=5V
Added Pin To Net: NetName=GND Pin=BH1--
Added Pin To Net: NetName=GND Pin=C1-1
Added Pin To Net: NetName=GND Pin=C2-1
Added Pin To Net: NetName=GND Pin=C3-1
Added Pin To Net: NetName=GND Pin=C4-1
Added Pin To Net: NetName=GND Pin=C5-1
Added Pin To Net: NetName=GND Pin=C6-1
Added Pin To Net: NetName=GND Pin=C7-2
Added Pin To Net: NetName=GND Pin=C8-1
Added Pin To Net: NetName=GND Pin=C9-2
Added Pin To Net: NetName=GND Pin=D1-K
Added Pin To Net: NetName=GND Pin=D2-K
Added Pin To Net: NetName=GND Pin=D3-K
Added Pin To Net: NetName=GND Pin=D4-K
Added Pin To Net: NetName=GND Pin=D5-K
Added Pin To Net: NetName=GND Pin=D6-K
Added Pin To Net: NetName=GND Pin=E1-1
Added Pin To Net: NetName=GND Pin=E1-2
Added Pin To Net: NetName=GND Pin=E1-3
Added Pin To Net: NetName=GND Pin=E1-4
Added Pin To Net: NetName=GND Pin=IOE1-10
Added Pin To Net: NetName=GND Pin=IOE1-15
Added Pin To Net: NetName=GND Pin=IOE1-16
Added Pin To Net: NetName=GND Pin=IOE1-17
Added Pin To Net: NetName=GND Pin=OLED1-1
Added Pin To Net: NetName=GND Pin=P1-6
Added Pin To Net: NetName=GND Pin=P1-9
Added Pin To Net: NetName=GND Pin=P1-14
Added Pin To Net: NetName=GND Pin=P1-20
Added Pin To Net: NetName=GND Pin=P1-25
Added Pin To Net: NetName=GND Pin=P1-30
Added Pin To Net: NetName=GND Pin=P1-34
Added Pin To Net: NetName=GND Pin=P1-39
Added Pin To Net: NetName=GND Pin=Q1-3
Added Pin To Net: NetName=GND Pin=Q2-3
Added Pin To Net: NetName=GND Pin=Q3-3
Added Pin To Net: NetName=GND Pin=Q4-3
Added Pin To Net: NetName=GND Pin=Q5-3
Added Pin To Net: NetName=GND Pin=Q6-3
Added Pin To Net: NetName=GND Pin=Q7-3
Added Pin To Net: NetName=GND Pin=Q8-3
Added Pin To Net: NetName=GND Pin=R8-1
Added Pin To Net: NetName=GND Pin=R9-1
Added Pin To Net: NetName=GND Pin=R10-1
Added Pin To Net: NetName=GND Pin=R11-1
Added Pin To Net: NetName=GND Pin=R12-1
Added Pin To Net: NetName=GND Pin=R25-2
Added Pin To Net: NetName=GND Pin=R26-2
Added Pin To Net: NetName=GND Pin=R27-2
Added Pin To Net: NetName=GND Pin=R28-2
Added Pin To Net: NetName=GND Pin=R29-2
Added Pin To Net: NetName=GND Pin=R30-2
Added Pin To Net: NetName=GND Pin=R31-2
Added Pin To Net: NetName=GND Pin=R32-2
Added Pin To Net: NetName=GND Pin=R37-1
Added Pin To Net: NetName=GND Pin=R38-1
Added Pin To Net: NetName=GND Pin=R39-1
Added Pin To Net: NetName=GND Pin=R40-1
Added Pin To Net: NetName=GND Pin=R45-1
Added Pin To Net: NetName=GND Pin=R46-1
Added Pin To Net: NetName=GND Pin=R47-1
Added Pin To Net: NetName=GND Pin=R48-1
Added Pin To Net: NetName=GND Pin=RTC1-5
Added Net: Name=GND
Added Pin To Net: NetName=IOE0_INTA Pin=IOE1-20
Added Pin To Net: NetName=IOE0_INTA Pin=P1-7
Added Net: Name=IOE0_INTA
Added Pin To Net: NetName=IOE0_INTB Pin=IOE1-19
Added Pin To Net: NetName=IOE0_INTB Pin=P1-29
Added Net: Name=IOE0_INTB
Added Pin To Net: NetName=IOE0_R\E\S\E\T\ Pin=IOE1-18
Added Pin To Net: NetName=IOE0_R\E\S\E\T\ Pin=P1-31
Added Net: Name=IOE0_R\E\S\E\T\
Added Pin To Net: NetName=NetB1_1 Pin=B1-1
Added Pin To Net: NetName=NetB1_1 Pin=R3-1
Added Pin To Net: NetName=NetB1_1 Pin=R8-2
Added Net: Name=NetB1_1
Added Pin To Net: NetName=NetB2_1 Pin=B2-1
Added Pin To Net: NetName=NetB2_1 Pin=R4-1
Added Pin To Net: NetName=NetB2_1 Pin=R9-2
Added Net: Name=NetB2_1
Added Pin To Net: NetName=NetB3_1 Pin=B3-1
Added Pin To Net: NetName=NetB3_1 Pin=R5-1
Added Pin To Net: NetName=NetB3_1 Pin=R10-2
Added Net: Name=NetB3_1
Added Pin To Net: NetName=NetB4_1 Pin=B4-1
Added Pin To Net: NetName=NetB4_1 Pin=R6-1
Added Pin To Net: NetName=NetB4_1 Pin=R11-2
Added Net: Name=NetB4_1
Added Pin To Net: NetName=NetB5_1 Pin=B5-1
Added Pin To Net: NetName=NetB5_1 Pin=R7-1
Added Pin To Net: NetName=NetB5_1 Pin=R12-2
Added Net: Name=NetB5_1
Added Pin To Net: NetName=NetBH1_+ Pin=BH1-+
Added Pin To Net: NetName=NetBH1_+ Pin=RTC1-4
Added Net: Name=NetBH1_+
Added Pin To Net: NetName=NetC2_2 Pin=C2-2
Added Pin To Net: NetName=NetC2_2 Pin=P1-11
Added Pin To Net: NetName=NetC2_2 Pin=R3-2
Added Net: Name=NetC2_2
Added Pin To Net: NetName=NetC3_2 Pin=C3-2
Added Pin To Net: NetName=NetC3_2 Pin=P1-12
Added Pin To Net: NetName=NetC3_2 Pin=R4-2
Added Net: Name=NetC3_2
Added Pin To Net: NetName=NetC4_2 Pin=C4-2
Added Pin To Net: NetName=NetC4_2 Pin=P1-35
Added Pin To Net: NetName=NetC4_2 Pin=R5-2
Added Net: Name=NetC4_2
Added Pin To Net: NetName=NetC5_2 Pin=C5-2
Added Pin To Net: NetName=NetC5_2 Pin=P1-38
Added Pin To Net: NetName=NetC5_2 Pin=R6-2
Added Net: Name=NetC5_2
Added Pin To Net: NetName=NetC6_2 Pin=C6-2
Added Pin To Net: NetName=NetC6_2 Pin=P1-40
Added Pin To Net: NetName=NetC6_2 Pin=R7-2
Added Net: Name=NetC6_2
Added Pin To Net: NetName=NetCTB1_1 Pin=CTB1-1
Added Pin To Net: NetName=NetCTB1_1 Pin=OC1-2
Added Pin To Net: NetName=NetCTB1_1 Pin=TVS1-2
Added Net: Name=NetCTB1_1
Added Pin To Net: NetName=NetCTB1_2 Pin=CTB1-2
Added Pin To Net: NetName=NetCTB1_2 Pin=R17-1
Added Net: Name=NetCTB1_2
Added Pin To Net: NetName=NetCTB2_1 Pin=CTB2-1
Added Pin To Net: NetName=NetCTB2_1 Pin=OC1-4
Added Pin To Net: NetName=NetCTB2_1 Pin=TVS2-2
Added Net: Name=NetCTB2_1
Added Pin To Net: NetName=NetCTB2_2 Pin=CTB2-2
Added Pin To Net: NetName=NetCTB2_2 Pin=R18-1
Added Net: Name=NetCTB2_2
Added Pin To Net: NetName=NetCTB3_1 Pin=CTB3-1
Added Pin To Net: NetName=NetCTB3_1 Pin=OC1-6
Added Pin To Net: NetName=NetCTB3_1 Pin=TVS3-2
Added Net: Name=NetCTB3_1
Added Pin To Net: NetName=NetCTB3_2 Pin=CTB3-2
Added Pin To Net: NetName=NetCTB3_2 Pin=R19-1
Added Net: Name=NetCTB3_2
Added Pin To Net: NetName=NetCTB4_1 Pin=CTB4-1
Added Pin To Net: NetName=NetCTB4_1 Pin=OC1-8
Added Pin To Net: NetName=NetCTB4_1 Pin=TVS4-2
Added Net: Name=NetCTB4_1
Added Pin To Net: NetName=NetCTB4_2 Pin=CTB4-2
Added Pin To Net: NetName=NetCTB4_2 Pin=R20-1
Added Net: Name=NetCTB4_2
Added Pin To Net: NetName=NetCTB5_1 Pin=CTB5-1
Added Pin To Net: NetName=NetCTB5_1 Pin=OC2-2
Added Pin To Net: NetName=NetCTB5_1 Pin=TVS5-2
Added Net: Name=NetCTB5_1
Added Pin To Net: NetName=NetCTB5_2 Pin=CTB5-2
Added Pin To Net: NetName=NetCTB5_2 Pin=R21-1
Added Net: Name=NetCTB5_2
Added Pin To Net: NetName=NetCTB6_1 Pin=CTB6-1
Added Pin To Net: NetName=NetCTB6_1 Pin=OC2-4
Added Pin To Net: NetName=NetCTB6_1 Pin=TVS6-2
Added Net: Name=NetCTB6_1
Added Pin To Net: NetName=NetCTB6_2 Pin=CTB6-2
Added Pin To Net: NetName=NetCTB6_2 Pin=R22-1
Added Net: Name=NetCTB6_2
Added Pin To Net: NetName=NetCTB7_1 Pin=CTB7-1
Added Pin To Net: NetName=NetCTB7_1 Pin=OC2-6
Added Pin To Net: NetName=NetCTB7_1 Pin=TVS7-2
Added Net: Name=NetCTB7_1
Added Pin To Net: NetName=NetCTB7_2 Pin=CTB7-2
Added Pin To Net: NetName=NetCTB7_2 Pin=R23-1
Added Net: Name=NetCTB7_2
Added Pin To Net: NetName=NetCTB8_1 Pin=CTB8-1
Added Pin To Net: NetName=NetCTB8_1 Pin=OC2-8
Added Pin To Net: NetName=NetCTB8_1 Pin=TVS8-2
Added Net: Name=NetCTB8_1
Added Pin To Net: NetName=NetCTB8_2 Pin=CTB8-2
Added Pin To Net: NetName=NetCTB8_2 Pin=R24-1
Added Net: Name=NetCTB8_2
Added Pin To Net: NetName=NetCTB9_1 Pin=CTB9-1
Added Net: Name=NetCTB9_1
Added Pin To Net: NetName=NetCTB9_2 Pin=CTB9-2
Added Net: Name=NetCTB9_2
Added Pin To Net: NetName=NetCTB10_1 Pin=CTB10-1
Added Net: Name=NetCTB10_1
Added Pin To Net: NetName=NetCTB10_2 Pin=CTB10-2
Added Net: Name=NetCTB10_2
Added Pin To Net: NetName=NetCTB11_1 Pin=CTB11-1
Added Net: Name=NetCTB11_1
Added Pin To Net: NetName=NetCTB11_2 Pin=CTB11-2
Added Net: Name=NetCTB11_2
Added Pin To Net: NetName=NetCTB12_1 Pin=CTB12-1
Added Net: Name=NetCTB12_1
Added Pin To Net: NetName=NetCTB12_2 Pin=CTB12-2
Added Net: Name=NetCTB12_2
Added Pin To Net: NetName=NetCTB13_1 Pin=CTB13-1
Added Net: Name=NetCTB13_1
Added Pin To Net: NetName=NetCTB13_2 Pin=CTB13-2
Added Net: Name=NetCTB13_2
Added Pin To Net: NetName=NetCTB14_1 Pin=CTB14-1
Added Net: Name=NetCTB14_1
Added Pin To Net: NetName=NetCTB14_2 Pin=CTB14-2
Added Net: Name=NetCTB14_2
Added Pin To Net: NetName=NetCTB15_1 Pin=CTB15-1
Added Net: Name=NetCTB15_1
Added Pin To Net: NetName=NetCTB15_2 Pin=CTB15-2
Added Net: Name=NetCTB15_2
Added Pin To Net: NetName=NetCTB16_1 Pin=CTB16-1
Added Net: Name=NetCTB16_1
Added Pin To Net: NetName=NetCTB16_2 Pin=CTB16-2
Added Net: Name=NetCTB16_2
Added Pin To Net: NetName=NetD1_A Pin=D1-A
Added Pin To Net: NetName=NetD1_A Pin=R1-1
Added Net: Name=NetD1_A
Added Pin To Net: NetName=NetD2_A Pin=D2-A
Added Pin To Net: NetName=NetD2_A Pin=R2-2
Added Net: Name=NetD2_A
Added Pin To Net: NetName=NetD3_A Pin=D3-A
Added Pin To Net: NetName=NetD3_A Pin=R13-2
Added Net: Name=NetD3_A
Added Pin To Net: NetName=NetD4_A Pin=D4-A
Added Pin To Net: NetName=NetD4_A Pin=R14-2
Added Net: Name=NetD4_A
Added Pin To Net: NetName=NetD5_A Pin=D5-A
Added Pin To Net: NetName=NetD5_A Pin=R15-2
Added Net: Name=NetD5_A
Added Pin To Net: NetName=NetD6_A Pin=D6-A
Added Pin To Net: NetName=NetD6_A Pin=R16-2
Added Net: Name=NetD6_A
Added Pin To Net: NetName=NetD7_1 Pin=Q1-2
Added Net: Name=NetD7_1
Added Pin To Net: NetName=NetD8_1 Pin=Q2-2
Added Net: Name=NetD8_1
Added Pin To Net: NetName=NetD9_1 Pin=Q3-2
Added Net: Name=NetD9_1
Added Pin To Net: NetName=NetD10_1 Pin=Q4-2
Added Net: Name=NetD10_1
Added Pin To Net: NetName=NetD11_1 Pin=Q5-2
Added Net: Name=NetD11_1
Added Pin To Net: NetName=NetD12_1 Pin=Q6-2
Added Net: Name=NetD12_1
Added Pin To Net: NetName=NetD13_1 Pin=Q7-2
Added Net: Name=NetD13_1
Added Pin To Net: NetName=NetD14_1 Pin=Q8-2
Added Net: Name=NetD14_1
Added Pin To Net: NetName=NetE1_5 Pin=E1-5
Added Pin To Net: NetName=NetE1_5 Pin=P1-27
Added Net: Name=NetE1_5
Added Pin To Net: NetName=NetE1_6 Pin=E1-6
Added Pin To Net: NetName=NetE1_6 Pin=P1-28
Added Net: Name=NetE1_6
Added Pin To Net: NetName=NetE1_7 Pin=E1-7
Added Pin To Net: NetName=NetE1_7 Pin=P1-37
Added Net: Name=NetE1_7
Added Pin To Net: NetName=NetIOE1_1 Pin=IOE1-1
Added Pin To Net: NetName=NetIOE1_1 Pin=R33-1
Added Net: Name=NetIOE1_1
Added Pin To Net: NetName=NetIOE1_2 Pin=IOE1-2
Added Pin To Net: NetName=NetIOE1_2 Pin=R34-1
Added Net: Name=NetIOE1_2
Added Pin To Net: NetName=NetIOE1_3 Pin=IOE1-3
Added Pin To Net: NetName=NetIOE1_3 Pin=R35-1
Added Net: Name=NetIOE1_3
Added Pin To Net: NetName=NetIOE1_4 Pin=IOE1-4
Added Pin To Net: NetName=NetIOE1_4 Pin=R36-1
Added Net: Name=NetIOE1_4
Added Pin To Net: NetName=NetIOE1_5 Pin=IOE1-5
Added Pin To Net: NetName=NetIOE1_5 Pin=R41-1
Added Net: Name=NetIOE1_5
Added Pin To Net: NetName=NetIOE1_6 Pin=IOE1-6
Added Pin To Net: NetName=NetIOE1_6 Pin=R42-1
Added Net: Name=NetIOE1_6
Added Pin To Net: NetName=NetIOE1_7 Pin=IOE1-7
Added Pin To Net: NetName=NetIOE1_7 Pin=R43-1
Added Net: Name=NetIOE1_7
Added Pin To Net: NetName=NetIOE1_8 Pin=IOE1-8
Added Pin To Net: NetName=NetIOE1_8 Pin=R44-1
Added Net: Name=NetIOE1_8
Added Pin To Net: NetName=NetIOE1_12 Pin=IOE1-12
Added Pin To Net: NetName=NetIOE1_12 Pin=P1-5
Added Pin To Net: NetName=NetIOE1_12 Pin=RTC1-11
Added Net: Name=NetIOE1_12
Added Pin To Net: NetName=NetIOE1_13 Pin=IOE1-13
Added Pin To Net: NetName=NetIOE1_13 Pin=P1-3
Added Pin To Net: NetName=NetIOE1_13 Pin=RTC1-10
Added Net: Name=NetIOE1_13
Added Pin To Net: NetName=NetIOE1_21 Pin=IOE1-21
Added Pin To Net: NetName=NetIOE1_21 Pin=OC1-15
Added Pin To Net: NetName=NetIOE1_21 Pin=R25-1
Added Net: Name=NetIOE1_21
Added Pin To Net: NetName=NetIOE1_22 Pin=IOE1-22
Added Pin To Net: NetName=NetIOE1_22 Pin=OC1-13
Added Pin To Net: NetName=NetIOE1_22 Pin=R26-1
Added Net: Name=NetIOE1_22
Added Pin To Net: NetName=NetIOE1_23 Pin=IOE1-23
Added Pin To Net: NetName=NetIOE1_23 Pin=OC1-11
Added Pin To Net: NetName=NetIOE1_23 Pin=R27-1
Added Net: Name=NetIOE1_23
Added Pin To Net: NetName=NetIOE1_24 Pin=IOE1-24
Added Pin To Net: NetName=NetIOE1_24 Pin=OC1-9
Added Pin To Net: NetName=NetIOE1_24 Pin=R28-1
Added Net: Name=NetIOE1_24
Added Pin To Net: NetName=NetIOE1_25 Pin=IOE1-25
Added Pin To Net: NetName=NetIOE1_25 Pin=OC2-15
Added Pin To Net: NetName=NetIOE1_25 Pin=R29-1
Added Net: Name=NetIOE1_25
Added Pin To Net: NetName=NetIOE1_26 Pin=IOE1-26
Added Pin To Net: NetName=NetIOE1_26 Pin=OC2-13
Added Pin To Net: NetName=NetIOE1_26 Pin=R30-1
Added Net: Name=NetIOE1_26
Added Pin To Net: NetName=NetIOE1_27 Pin=IOE1-27
Added Pin To Net: NetName=NetIOE1_27 Pin=OC2-11
Added Pin To Net: NetName=NetIOE1_27 Pin=R31-1
Added Net: Name=NetIOE1_27
Added Pin To Net: NetName=NetIOE1_28 Pin=IOE1-28
Added Pin To Net: NetName=NetIOE1_28 Pin=OC2-9
Added Pin To Net: NetName=NetIOE1_28 Pin=R32-1
Added Net: Name=NetIOE1_28
Added Pin To Net: NetName=NetOC1_1 Pin=OC1-1
Added Pin To Net: NetName=NetOC1_1 Pin=R17-2
Added Pin To Net: NetName=NetOC1_1 Pin=TVS1-1
Added Net: Name=NetOC1_1
Added Pin To Net: NetName=NetOC1_3 Pin=OC1-3
Added Pin To Net: NetName=NetOC1_3 Pin=R18-2
Added Pin To Net: NetName=NetOC1_3 Pin=TVS2-1
Added Net: Name=NetOC1_3
Added Pin To Net: NetName=NetOC1_5 Pin=OC1-5
Added Pin To Net: NetName=NetOC1_5 Pin=R19-2
Added Pin To Net: NetName=NetOC1_5 Pin=TVS3-1
Added Net: Name=NetOC1_5
Added Pin To Net: NetName=NetOC1_7 Pin=OC1-7
Added Pin To Net: NetName=NetOC1_7 Pin=R20-2
Added Pin To Net: NetName=NetOC1_7 Pin=TVS4-1
Added Net: Name=NetOC1_7
Added Pin To Net: NetName=NetOC2_1 Pin=OC2-1
Added Pin To Net: NetName=NetOC2_1 Pin=R21-2
Added Pin To Net: NetName=NetOC2_1 Pin=TVS5-1
Added Net: Name=NetOC2_1
Added Pin To Net: NetName=NetOC2_3 Pin=OC2-3
Added Pin To Net: NetName=NetOC2_3 Pin=R22-2
Added Pin To Net: NetName=NetOC2_3 Pin=TVS6-1
Added Net: Name=NetOC2_3
Added Pin To Net: NetName=NetOC2_5 Pin=OC2-5
Added Pin To Net: NetName=NetOC2_5 Pin=R23-2
Added Pin To Net: NetName=NetOC2_5 Pin=TVS7-1
Added Net: Name=NetOC2_5
Added Pin To Net: NetName=NetOC2_7 Pin=OC2-7
Added Pin To Net: NetName=NetOC2_7 Pin=R24-2
Added Pin To Net: NetName=NetOC2_7 Pin=TVS8-1
Added Net: Name=NetOC2_7
Added Pin To Net: NetName=NetOLED1_3 Pin=OLED1-3
Added Pin To Net: NetName=NetOLED1_3 Pin=P1-23
Added Net: Name=NetOLED1_3
Added Pin To Net: NetName=NetOLED1_4 Pin=OLED1-4
Added Pin To Net: NetName=NetOLED1_4 Pin=P1-19
Added Net: Name=NetOLED1_4
Added Pin To Net: NetName=NetOLED1_5 Pin=OLED1-5
Added Pin To Net: NetName=NetOLED1_5 Pin=OLED1-5
Added Pin To Net: NetName=NetOLED1_5 Pin=P1-32
Added Net: Name=NetOLED1_5
Added Pin To Net: NetName=NetOLED1_6 Pin=P1-33
Added Net: Name=NetOLED1_6
Added Pin To Net: NetName=NetP1_8 Pin=P1-8
Added Pin To Net: NetName=NetP1_8 Pin=RTC1-8
Added Net: Name=NetP1_8
Added Pin To Net: NetName=NetP1_10 Pin=P1-10
Added Pin To Net: NetName=NetP1_10 Pin=RTC1-13
Added Net: Name=NetP1_10
Added Pin To Net: NetName=NetP1_15 Pin=P1-15
Added Pin To Net: NetName=NetP1_15 Pin=R13-1
Added Net: Name=NetP1_15
Added Pin To Net: NetName=NetP1_16 Pin=P1-16
Added Pin To Net: NetName=NetP1_16 Pin=R14-1
Added Net: Name=NetP1_16
Added Pin To Net: NetName=NetP1_18 Pin=P1-18
Added Pin To Net: NetName=NetP1_18 Pin=R15-1
Added Net: Name=NetP1_18
Added Pin To Net: NetName=NetP1_22 Pin=P1-22
Added Pin To Net: NetName=NetP1_22 Pin=R16-1
Added Net: Name=NetP1_22
Added Pin To Net: NetName=NetP1_36 Pin=P1-36
Added Pin To Net: NetName=NetP1_36 Pin=RTC1-7
Added Net: Name=NetP1_36
Added Pin To Net: NetName=NetQ1_1 Pin=Q1-1
Added Pin To Net: NetName=NetQ1_1 Pin=R33-2
Added Pin To Net: NetName=NetQ1_1 Pin=R37-2
Added Net: Name=NetQ1_1
Added Pin To Net: NetName=NetQ2_1 Pin=Q2-1
Added Pin To Net: NetName=NetQ2_1 Pin=R34-2
Added Pin To Net: NetName=NetQ2_1 Pin=R38-2
Added Net: Name=NetQ2_1
Added Pin To Net: NetName=NetQ3_1 Pin=Q3-1
Added Pin To Net: NetName=NetQ3_1 Pin=R35-2
Added Pin To Net: NetName=NetQ3_1 Pin=R39-2
Added Net: Name=NetQ3_1
Added Pin To Net: NetName=NetQ4_1 Pin=Q4-1
Added Pin To Net: NetName=NetQ4_1 Pin=R36-2
Added Pin To Net: NetName=NetQ4_1 Pin=R40-2
Added Net: Name=NetQ4_1
Added Pin To Net: NetName=NetQ5_1 Pin=Q5-1
Added Pin To Net: NetName=NetQ5_1 Pin=R41-2
Added Pin To Net: NetName=NetQ5_1 Pin=R45-2
Added Net: Name=NetQ5_1
Added Pin To Net: NetName=NetQ6_1 Pin=Q6-1
Added Pin To Net: NetName=NetQ6_1 Pin=R42-2
Added Pin To Net: NetName=NetQ6_1 Pin=R46-2
Added Net: Name=NetQ6_1
Added Pin To Net: NetName=NetQ7_1 Pin=Q7-1
Added Pin To Net: NetName=NetQ7_1 Pin=R43-2
Added Pin To Net: NetName=NetQ7_1 Pin=R47-2
Added Net: Name=NetQ7_1
Added Pin To Net: NetName=NetQ8_1 Pin=Q8-1
Added Pin To Net: NetName=NetQ8_1 Pin=R44-2
Added Pin To Net: NetName=NetQ8_1 Pin=R48-2
Added Net: Name=NetQ8_1
Added Pin To Net: NetName=NetRTC1_1 Pin=RTC1-1
Added Pin To Net: NetName=NetRTC1_1 Pin=X1-2
Added Net: Name=NetRTC1_1
Added Pin To Net: NetName=NetRTC1_2 Pin=RTC1-2
Added Pin To Net: NetName=NetRTC1_2 Pin=X1-1
Added Net: Name=NetRTC1_2
Added Member To Class: ClassName=U_Components Member=Component B1 Button
Added Member To Class: ClassName=U_Components Member=Component B2 Button
Added Member To Class: ClassName=U_Components Member=Component B3 Button
Added Member To Class: ClassName=U_Components Member=Component B4 Button
Added Member To Class: ClassName=U_Components Member=Component B5 Button
Added Member To Class: ClassName=U_Components Member=Component BH1 Battery Holder
Added Member To Class: ClassName=U_RaspberryPinout Member=Component C1 100nF
Added Member To Class: ClassName=U_Components Member=Component C2 2.2uF
Added Member To Class: ClassName=U_Components Member=Component C3 2.2uF
Added Member To Class: ClassName=U_Components Member=Component C4 2.2uF
Added Member To Class: ClassName=U_Components Member=Component C5 2.2uF
Added Member To Class: ClassName=U_Components Member=Component C6 2.2uF
Added Member To Class: ClassName=U_Components Member=Component C7 100nF
Added Member To Class: ClassName=U_Components Member=Component C8 100nF
Added Member To Class: ClassName=U_Components Member=Component C9 100nF
Added Member To Class: ClassName=U_InputOutput Member=Component CTB1 Contact Terminal Block
Added Member To Class: ClassName=U_InputOutput Member=Component CTB2 Contact Terminal Block
Added Member To Class: ClassName=U_InputOutput Member=Component CTB3 Contact Terminal Block
Added Member To Class: ClassName=U_InputOutput Member=Component CTB4 Contact Terminal Block
Added Member To Class: ClassName=U_InputOutput Member=Component CTB5 Contact Terminal Block
Added Member To Class: ClassName=U_InputOutput Member=Component CTB6 Contact Terminal Block
Added Member To Class: ClassName=U_InputOutput Member=Component CTB7 Contact Terminal Block
Added Member To Class: ClassName=U_InputOutput Member=Component CTB8 Contact Terminal Block
Added Member To Class: ClassName=U_InputOutput Member=Component CTB9 Contact Terminal Block
Added Member To Class: ClassName=U_InputOutput Member=Component CTB10 Contact Terminal Block
Added Member To Class: ClassName=U_InputOutput Member=Component CTB11 Contact Terminal Block
Added Member To Class: ClassName=U_InputOutput Member=Component CTB12 Contact Terminal Block
Added Member To Class: ClassName=U_InputOutput Member=Component CTB13 Contact Terminal Block
Added Member To Class: ClassName=U_InputOutput Member=Component CTB14 Contact Terminal Block
Added Member To Class: ClassName=U_InputOutput Member=Component CTB15 Contact Terminal Block
Added Member To Class: ClassName=U_InputOutput Member=Component CTB16 Contact Terminal Block
Added Member To Class: ClassName=U_RaspberryPinout Member=Component D1 RED LED
Added Member To Class: ClassName=U_RaspberryPinout Member=Component D2 BLUE LED
Added Member To Class: ClassName=U_Components Member=Component D3 RED LED
Added Member To Class: ClassName=U_Components Member=Component D4 RED LED
Added Member To Class: ClassName=U_Components Member=Component D5 RED LED
Added Member To Class: ClassName=U_Components Member=Component D6 RED LED
Added Member To Class: ClassName=U_InputOutput Member=Component D7 Diode
Added Member To Class: ClassName=U_InputOutput Member=Component D8 Diode
Added Member To Class: ClassName=U_InputOutput Member=Component D9 Diode
Added Member To Class: ClassName=U_InputOutput Member=Component D10 Diode
Added Member To Class: ClassName=U_InputOutput Member=Component D11 Diode
Added Member To Class: ClassName=U_InputOutput Member=Component D12 Diode
Added Member To Class: ClassName=U_InputOutput Member=Component D13 Diode
Added Member To Class: ClassName=U_InputOutput Member=Component D14 Diode
Added Member To Class: ClassName=U_Components Member=Component E1 EEPROM
Added Member To Class: ClassName=U_RaspberryPinout Member=Component IOE1 MCP23017-E/SS
Added Member To Class: ClassName=U_InputOutput Member=Component K1 Relay
Added Member To Class: ClassName=U_InputOutput Member=Component K2 Relay
Added Member To Class: ClassName=U_InputOutput Member=Component K3 Relay
Added Member To Class: ClassName=U_InputOutput Member=Component K4 Relay
Added Member To Class: ClassName=U_InputOutput Member=Component K5 Relay
Added Member To Class: ClassName=U_InputOutput Member=Component K6 Relay
Added Member To Class: ClassName=U_InputOutput Member=Component K7 Relay
Added Member To Class: ClassName=U_InputOutput Member=Component K8 Relay
Added Member To Class: ClassName=U_InputOutput Member=Component OC1 Optocoupler
Added Member To Class: ClassName=U_InputOutput Member=Component OC2 Optocoupler
Added Member To Class: ClassName=U_Components Member=Component OLED1 D13-12864-SPI
Added Member To Class: ClassName=U_RaspberryPinout Member=Component P1 Raspberry Pi 4
Added Member To Class: ClassName=U_InputOutput Member=Component Q1 NMOS
Added Member To Class: ClassName=U_InputOutput Member=Component Q2 NMOS
Added Member To Class: ClassName=U_InputOutput Member=Component Q3 NMOS
Added Member To Class: ClassName=U_InputOutput Member=Component Q4 NMOS
Added Member To Class: ClassName=U_InputOutput Member=Component Q5 NMOS
Added Member To Class: ClassName=U_InputOutput Member=Component Q6 NMOS
Added Member To Class: ClassName=U_InputOutput Member=Component Q7 NMOS
Added Member To Class: ClassName=U_InputOutput Member=Component Q8 NMOS
Added Member To Class: ClassName=U_RaspberryPinout Member=Component R1 91R0
Added Member To Class: ClassName=U_RaspberryPinout Member=Component R2 160R
Added Member To Class: ClassName=U_Components Member=Component R3 4K70
Added Member To Class: ClassName=U_Components Member=Component R4 4K70
Added Member To Class: ClassName=U_Components Member=Component R5 4K70
Added Member To Class: ClassName=U_Components Member=Component R6 4K70
Added Member To Class: ClassName=U_Components Member=Component R7 4K70
Added Member To Class: ClassName=U_Components Member=Component R8 10K
Added Member To Class: ClassName=U_Components Member=Component R9 10K
Added Member To Class: ClassName=U_Components Member=Component R10 10K
Added Member To Class: ClassName=U_Components Member=Component R11 10K
Added Member To Class: ClassName=U_Components Member=Component R12 10K
Added Member To Class: ClassName=U_Components Member=Component R13 91R0
Added Member To Class: ClassName=U_Components Member=Component R14 91R0
Added Member To Class: ClassName=U_Components Member=Component R15 91R0
Added Member To Class: ClassName=U_Components Member=Component R16 91R0
Added Member To Class: ClassName=U_InputOutput Member=Component R17 130R
Added Member To Class: ClassName=U_InputOutput Member=Component R18 130R
Added Member To Class: ClassName=U_InputOutput Member=Component R19 130R
Added Member To Class: ClassName=U_InputOutput Member=Component R20 130R
Added Member To Class: ClassName=U_InputOutput Member=Component R21 130R
Added Member To Class: ClassName=U_InputOutput Member=Component R22 130R
Added Member To Class: ClassName=U_InputOutput Member=Component R23 130R
Added Member To Class: ClassName=U_InputOutput Member=Component R24 130R
Added Member To Class: ClassName=U_InputOutput Member=Component R25 10K
Added Member To Class: ClassName=U_InputOutput Member=Component R26 10K
Added Member To Class: ClassName=U_InputOutput Member=Component R27 10K
Added Member To Class: ClassName=U_InputOutput Member=Component R28 10K
Added Member To Class: ClassName=U_InputOutput Member=Component R29 10K
Added Member To Class: ClassName=U_InputOutput Member=Component R30 10K
Added Member To Class: ClassName=U_InputOutput Member=Component R31 10K
Added Member To Class: ClassName=U_InputOutput Member=Component R32 10K
Added Member To Class: ClassName=U_InputOutput Member=Component R33 130R
Added Member To Class: ClassName=U_InputOutput Member=Component R34 130R
Added Member To Class: ClassName=U_InputOutput Member=Component R35 130R
Added Member To Class: ClassName=U_InputOutput Member=Component R36 130R
Added Member To Class: ClassName=U_InputOutput Member=Component R37 10K
Added Member To Class: ClassName=U_InputOutput Member=Component R38 10K
Added Member To Class: ClassName=U_InputOutput Member=Component R39 10K
Added Member To Class: ClassName=U_InputOutput Member=Component R40 10K
Added Member To Class: ClassName=U_InputOutput Member=Component R41 130R
Added Member To Class: ClassName=U_InputOutput Member=Component R42 130R
Added Member To Class: ClassName=U_InputOutput Member=Component R43 130R
Added Member To Class: ClassName=U_InputOutput Member=Component R44 130R
Added Member To Class: ClassName=U_InputOutput Member=Component R45 10K
Added Member To Class: ClassName=U_InputOutput Member=Component R46 10K
Added Member To Class: ClassName=U_InputOutput Member=Component R47 10K
Added Member To Class: ClassName=U_InputOutput Member=Component R48 10K
Added Member To Class: ClassName=U_Components Member=Component RTC1 I2C RTC
Added Member To Class: ClassName=U_InputOutput Member=Component TVS1 6.4V
Added Member To Class: ClassName=U_InputOutput Member=Component TVS2 6.4V
Added Member To Class: ClassName=U_InputOutput Member=Component TVS3 6.4V
Added Member To Class: ClassName=U_InputOutput Member=Component TVS4 6.4V
Added Member To Class: ClassName=U_InputOutput Member=Component TVS5 6.4V
Added Member To Class: ClassName=U_InputOutput Member=Component TVS6 6.4V
Added Member To Class: ClassName=U_InputOutput Member=Component TVS7 6.4V
Added Member To Class: ClassName=U_InputOutput Member=Component TVS8 6.4V
Added Member To Class: ClassName=U_Components Member=Component X1 32.768 kHz
