Added Component: Designator=Q1(ONLAB_2N7002_SOT23127P600-8N)
Add component (AddParameter): Name = "Name"; Value = ""; VariantName = "[No Variations]"
Add component (AddParameter): Name = "Reference"; Value = ""; VariantName = "[No Variations]"
Add component (AddParameter): Name = "Supplier"; Value = ""; VariantName = "[No Variations]"
Added Component: Designator=Q2(ONLAB_2N7002_SOT23127P600-8N)
Add component (AddParameter): Name = "Name"; Value = ""; VariantName = "[No Variations]"
Add component (AddParameter): Name = "Reference"; Value = ""; VariantName = "[No Variations]"
Add component (AddParameter): Name = "Supplier"; Value = ""; VariantName = "[No Variations]"
Added Component: Designator=Q3(ONLAB_2N7002_SOT23127P600-8N)
Add component (AddParameter): Name = "Name"; Value = ""; VariantName = "[No Variations]"
Add component (AddParameter): Name = "Reference"; Value = ""; VariantName = "[No Variations]"
Add component (AddParameter): Name = "Supplier"; Value = ""; VariantName = "[No Variations]"
Added Component: Designator=Q4(ONLAB_2N7002_SOT23127P600-8N)
Add component (AddParameter): Name = "Name"; Value = ""; VariantName = "[No Variations]"
Add component (AddParameter): Name = "Reference"; Value = ""; VariantName = "[No Variations]"
Add component (AddParameter): Name = "Supplier"; Value = ""; VariantName = "[No Variations]"
Added Pin To Net: NetName=NetD7_1 Pin=Q1-D
Added Pin To Net: NetName=NetQ1_1 Pin=Q1-G
Added Pin To Net: NetName=GND Pin=Q1-S
Added Pin To Net: NetName=NetD8_1 Pin=Q2-D
Added Pin To Net: NetName=NetQ2_1 Pin=Q2-G
Added Pin To Net: NetName=GND Pin=Q2-S
Added Pin To Net: NetName=NetD9_1 Pin=Q3-D
Added Pin To Net: NetName=NetQ3_1 Pin=Q3-G
Added Pin To Net: NetName=GND Pin=Q3-S
Added Pin To Net: NetName=NetD10_1 Pin=Q4-D
Added Pin To Net: NetName=NetQ4_1 Pin=Q4-G
Added Pin To Net: NetName=GND Pin=Q4-S
Added Member To Class: ClassName=U_InputOutput Member=Component Q1 NMOS
Added Member To Class: ClassName=U_InputOutput Member=Component Q2 NMOS
Added Member To Class: ClassName=U_InputOutput Member=Component Q3 NMOS
Added Member To Class: ClassName=U_InputOutput Member=Component Q4 NMOS
